[1.277s] DEBUG:colcon:Command line arguments: ['/home/wlk/anaconda3/bin/colcon', 'build']
[1.277s] DEBUG:colcon:Parsed command line arguments: Namespace(log_base=None, log_level=None, verb_name='build', build_base='build', install_base='install', merge_install=False, symlink_install=False, test_result_base=None, continue_on_error=False, executor='parallel', parallel_workers=16, event_handlers=None, ignore_user_meta=False, metas=['./colcon.meta'], base_paths=['.'], packages_ignore=None, packages_ignore_regex=None, paths=None, packages_up_to=None, packages_up_to_regex=None, packages_above=None, packages_above_and_dependencies=None, packages_above_depth=None, packages_select_by_dep=None, packages_skip_by_dep=None, packages_skip_up_to=None, packages_select_build_failed=False, packages_skip_build_finished=False, packages_select_test_failures=False, packages_skip_test_passed=False, packages_select=None, packages_skip=None, packages_select_regex=None, packages_skip_regex=None, packages_start=None, packages_end=None, cmake_args=None, cmake_target=None, cmake_target_skip_unavailable=False, cmake_clean_cache=False, cmake_clean_first=False, cmake_force_configure=False, ament_cmake_args=None, catkin_cmake_args=None, catkin_skip_building_tests=False, verb_parser=<colcon_defaults.argument_parser.defaults.DefaultArgumentsDecorator object at 0x7fc2e6d58ad0>, verb_extension=<colcon_core.verb.build.BuildVerb object at 0x7fc2e5f0be10>, main=<bound method BuildVerb.main of <colcon_core.verb.build.BuildVerb object at 0x7fc2e5f0be10>>)
[1.336s] Level 1:colcon.colcon_core.package_discovery:discover_packages(colcon_meta) check parameters
[1.336s] Level 1:colcon.colcon_core.package_discovery:discover_packages(recursive) check parameters
[1.336s] Level 1:colcon.colcon_core.package_discovery:discover_packages(ignore) check parameters
[1.336s] Level 1:colcon.colcon_core.package_discovery:discover_packages(path) check parameters
[1.336s] Level 1:colcon.colcon_core.package_discovery:discover_packages(colcon_meta) discover
[1.337s] Level 1:colcon.colcon_core.package_discovery:discover_packages(recursive) discover
[1.337s] INFO:colcon.colcon_core.package_discovery:Crawling recursively for packages in '/home/wlk/workspace/autocar'
[1.337s] Level 1:colcon.colcon_core.package_identification:_identify(.) by extensions ['ignore', 'ignore_ament_install']
[1.337s] Level 1:colcon.colcon_core.package_identification:_identify(.) by extension 'ignore'
[1.337s] Level 1:colcon.colcon_core.package_identification:_identify(.) by extension 'ignore_ament_install'
[1.337s] Level 1:colcon.colcon_core.package_identification:_identify(.) by extensions ['colcon_pkg']
[1.337s] Level 1:colcon.colcon_core.package_identification:_identify(.) by extension 'colcon_pkg'
[1.337s] Level 1:colcon.colcon_core.package_identification:_identify(.) by extensions ['colcon_meta']
[1.337s] Level 1:colcon.colcon_core.package_identification:_identify(.) by extension 'colcon_meta'
[1.337s] Level 1:colcon.colcon_core.package_identification:_identify(.) by extensions ['ros']
[1.337s] Level 1:colcon.colcon_core.package_identification:_identify(.) by extension 'ros'
[1.354s] Level 1:colcon.colcon_core.package_identification:_identify(.) by extensions ['cmake', 'python']
[1.354s] Level 1:colcon.colcon_core.package_identification:_identify(.) by extension 'cmake'
[1.354s] Level 1:colcon.colcon_core.package_identification:_identify(.) by extension 'python'
[1.354s] Level 1:colcon.colcon_core.package_identification:_identify(.) by extensions ['python_setup_py']
[1.354s] Level 1:colcon.colcon_core.package_identification:_identify(.) by extension 'python_setup_py'
[1.354s] Level 1:colcon.colcon_core.package_identification:_identify(Image) by extensions ['ignore', 'ignore_ament_install']
[1.354s] Level 1:colcon.colcon_core.package_identification:_identify(Image) by extension 'ignore'
[1.355s] Level 1:colcon.colcon_core.package_identification:_identify(Image) by extension 'ignore_ament_install'
[1.355s] Level 1:colcon.colcon_core.package_identification:_identify(Image) by extensions ['colcon_pkg']
[1.355s] Level 1:colcon.colcon_core.package_identification:_identify(Image) by extension 'colcon_pkg'
[1.355s] Level 1:colcon.colcon_core.package_identification:_identify(Image) by extensions ['colcon_meta']
[1.355s] Level 1:colcon.colcon_core.package_identification:_identify(Image) by extension 'colcon_meta'
[1.355s] Level 1:colcon.colcon_core.package_identification:_identify(Image) by extensions ['ros']
[1.355s] Level 1:colcon.colcon_core.package_identification:_identify(Image) by extension 'ros'
[1.355s] Level 1:colcon.colcon_core.package_identification:_identify(Image) by extensions ['cmake', 'python']
[1.355s] Level 1:colcon.colcon_core.package_identification:_identify(Image) by extension 'cmake'
[1.355s] Level 1:colcon.colcon_core.package_identification:_identify(Image) by extension 'python'
[1.355s] Level 1:colcon.colcon_core.package_identification:_identify(Image) by extensions ['python_setup_py']
[1.355s] Level 1:colcon.colcon_core.package_identification:_identify(Image) by extension 'python_setup_py'
[1.355s] Level 1:colcon.colcon_core.package_identification:_identify(build) by extensions ['ignore', 'ignore_ament_install']
[1.355s] Level 1:colcon.colcon_core.package_identification:_identify(build) by extension 'ignore'
[1.355s] Level 1:colcon.colcon_core.package_identification:_identify(build) ignored
[1.356s] Level 1:colcon.colcon_core.package_identification:_identify(install) by extensions ['ignore', 'ignore_ament_install']
[1.356s] Level 1:colcon.colcon_core.package_identification:_identify(install) by extension 'ignore'
[1.356s] Level 1:colcon.colcon_core.package_identification:_identify(install) ignored
[1.356s] Level 1:colcon.colcon_core.package_identification:_identify(log) by extensions ['ignore', 'ignore_ament_install']
[1.356s] Level 1:colcon.colcon_core.package_identification:_identify(log) by extension 'ignore'
[1.356s] Level 1:colcon.colcon_core.package_identification:_identify(log) ignored
[1.356s] Level 1:colcon.colcon_core.package_identification:_identify(src) by extensions ['ignore', 'ignore_ament_install']
[1.356s] Level 1:colcon.colcon_core.package_identification:_identify(src) by extension 'ignore'
[1.356s] Level 1:colcon.colcon_core.package_identification:_identify(src) by extension 'ignore_ament_install'
[1.356s] Level 1:colcon.colcon_core.package_identification:_identify(src) by extensions ['colcon_pkg']
[1.356s] Level 1:colcon.colcon_core.package_identification:_identify(src) by extension 'colcon_pkg'
[1.356s] Level 1:colcon.colcon_core.package_identification:_identify(src) by extensions ['colcon_meta']
[1.356s] Level 1:colcon.colcon_core.package_identification:_identify(src) by extension 'colcon_meta'
[1.356s] Level 1:colcon.colcon_core.package_identification:_identify(src) by extensions ['ros']
[1.356s] Level 1:colcon.colcon_core.package_identification:_identify(src) by extension 'ros'
[1.359s] DEBUG:colcon.colcon_core.package_identification:Package 'src' with type 'ros.ament_cmake' and name 'src'
[1.359s] Level 1:colcon.colcon_core.package_discovery:discover_packages(recursive) using defaults
[1.359s] Level 1:colcon.colcon_core.package_discovery:discover_packages(ignore) discover
[1.359s] Level 1:colcon.colcon_core.package_discovery:discover_packages(ignore) using defaults
[1.359s] Level 1:colcon.colcon_core.package_discovery:discover_packages(path) discover
[1.359s] Level 1:colcon.colcon_core.package_discovery:discover_packages(path) using defaults
[1.449s] Level 5:colcon.colcon_core.verb:set package 'src' build argument 'cmake_args' from command line to 'None'
[1.449s] Level 5:colcon.colcon_core.verb:set package 'src' build argument 'cmake_target' from command line to 'None'
[1.449s] Level 5:colcon.colcon_core.verb:set package 'src' build argument 'cmake_target_skip_unavailable' from command line to 'False'
[1.449s] Level 5:colcon.colcon_core.verb:set package 'src' build argument 'cmake_clean_cache' from command line to 'False'
[1.449s] Level 5:colcon.colcon_core.verb:set package 'src' build argument 'cmake_clean_first' from command line to 'False'
[1.449s] Level 5:colcon.colcon_core.verb:set package 'src' build argument 'cmake_force_configure' from command line to 'False'
[1.449s] Level 5:colcon.colcon_core.verb:set package 'src' build argument 'ament_cmake_args' from command line to 'None'
[1.449s] Level 5:colcon.colcon_core.verb:set package 'src' build argument 'catkin_cmake_args' from command line to 'None'
[1.449s] Level 5:colcon.colcon_core.verb:set package 'src' build argument 'catkin_skip_building_tests' from command line to 'False'
[1.449s] DEBUG:colcon.colcon_core.verb:Building package 'src' with the following arguments: {'ament_cmake_args': None, 'build_base': '/home/wlk/workspace/autocar/build/src', 'catkin_cmake_args': None, 'catkin_skip_building_tests': False, 'cmake_args': None, 'cmake_clean_cache': False, 'cmake_clean_first': False, 'cmake_force_configure': False, 'cmake_target': None, 'cmake_target_skip_unavailable': False, 'install_base': '/home/wlk/workspace/autocar/install/src', 'merge_install': False, 'path': '/home/wlk/workspace/autocar/src', 'symlink_install': False, 'test_result_base': None}
[1.467s] INFO:colcon.colcon_core.executor:Executing jobs using 'parallel' executor
[1.485s] DEBUG:colcon.colcon_parallel_executor.executor.parallel:run_until_complete
[1.486s] INFO:colcon.colcon_ros.task.ament_cmake.build:Building ROS package in '/home/wlk/workspace/autocar/src' with build type 'ament_cmake'
[1.486s] INFO:colcon.colcon_cmake.task.cmake.build:Building CMake package in '/home/wlk/workspace/autocar/src'
[1.512s] INFO:colcon.colcon_core.plugin_system:Skipping extension 'colcon_core.shell.bat': Not used on non-Windows systems
[1.512s] INFO:colcon.colcon_core.shell:Skip shell extension 'powershell' for command environment: Not usable outside of PowerShell
[1.512s] DEBUG:colcon.colcon_core.shell:Skip shell extension 'dsv' for command environment
[1.564s] DEBUG:colcon.colcon_core.event_handler.log_command:Invoking command in '/home/wlk/workspace/autocar/build/src': CMAKE_PREFIX_PATH=/opt/ros/humble CONDA_PROMPT_MODIFIER=(base) WSLENV=ELECTRON_RUN_AS_NODE/w:WT_SESSION:WT_PROFILE_ID: /usr/bin/cmake /home/wlk/workspace/autocar/src -DCMAKE_INSTALL_PREFIX=/home/wlk/workspace/autocar/install/src
[15.943s] DEBUG:colcon.colcon_core.event_handler.log_command:Invoked command in '/home/wlk/workspace/autocar/build/src' returned '0': CMAKE_PREFIX_PATH=/opt/ros/humble CONDA_PROMPT_MODIFIER=(base) WSLENV=ELECTRON_RUN_AS_NODE/w:WT_SESSION:WT_PROFILE_ID: /usr/bin/cmake /home/wlk/workspace/autocar/src -DCMAKE_INSTALL_PREFIX=/home/wlk/workspace/autocar/install/src
[15.945s] DEBUG:colcon.colcon_core.event_handler.log_command:Invoking command in '/home/wlk/workspace/autocar/build/src': CMAKE_PREFIX_PATH=/opt/ros/humble CONDA_PROMPT_MODIFIER=(base) WSLENV=ELECTRON_RUN_AS_NODE/w:WT_SESSION:WT_PROFILE_ID: /usr/bin/cmake --build /home/wlk/workspace/autocar/build/src -- -j16 -l16
[15.970s] DEBUG:colcon.colcon_core.event_handler.log_command:Invoked command in '/home/wlk/workspace/autocar/build/src' returned '0': CMAKE_PREFIX_PATH=/opt/ros/humble CONDA_PROMPT_MODIFIER=(base) WSLENV=ELECTRON_RUN_AS_NODE/w:WT_SESSION:WT_PROFILE_ID: /usr/bin/cmake --build /home/wlk/workspace/autocar/build/src -- -j16 -l16
[15.991s] DEBUG:colcon.colcon_core.event_handler.log_command:Invoking command in '/home/wlk/workspace/autocar/build/src': CMAKE_PREFIX_PATH=/opt/ros/humble CONDA_PROMPT_MODIFIER=(base) WSLENV=ELECTRON_RUN_AS_NODE/w:WT_SESSION:WT_PROFILE_ID: /usr/bin/cmake --install /home/wlk/workspace/autocar/build/src
[15.998s] Level 1:colcon.colcon_core.environment:create_environment_scripts_only(src)
[15.999s] DEBUG:colcon.colcon_core.event_handler.log_command:Invoked command in '/home/wlk/workspace/autocar/build/src' returned '0': CMAKE_PREFIX_PATH=/opt/ros/humble CONDA_PROMPT_MODIFIER=(base) WSLENV=ELECTRON_RUN_AS_NODE/w:WT_SESSION:WT_PROFILE_ID: /usr/bin/cmake --install /home/wlk/workspace/autocar/build/src
[16.025s] Level 1:colcon.colcon_core.environment:checking '/home/wlk/workspace/autocar/install/src' for CMake module files
[16.025s] Level 1:colcon.colcon_core.environment:checking '/home/wlk/workspace/autocar/install/src' for CMake config files
[16.026s] Level 1:colcon.colcon_core.shell:create_environment_hook('src', 'cmake_prefix_path')
[16.045s] INFO:colcon.colcon_core.shell:Creating environment hook '/home/wlk/workspace/autocar/install/src/share/src/hook/cmake_prefix_path.ps1'
[16.046s] INFO:colcon.colcon_core.shell:Creating environment descriptor '/home/wlk/workspace/autocar/install/src/share/src/hook/cmake_prefix_path.dsv'
[16.047s] INFO:colcon.colcon_core.shell:Creating environment hook '/home/wlk/workspace/autocar/install/src/share/src/hook/cmake_prefix_path.sh'
[16.048s] Level 1:colcon.colcon_core.environment:checking '/home/wlk/workspace/autocar/install/src/bin'
[16.048s] Level 1:colcon.colcon_core.environment:checking '/home/wlk/workspace/autocar/install/src/lib/pkgconfig/src.pc'
[16.050s] Level 1:colcon.colcon_core.environment:checking '/home/wlk/workspace/autocar/install/src/lib/python3.11/site-packages'
[16.051s] Level 1:colcon.colcon_core.environment:checking '/home/wlk/workspace/autocar/install/src/bin'
[16.070s] INFO:colcon.colcon_core.shell:Creating package script '/home/wlk/workspace/autocar/install/src/share/src/package.ps1'
[16.071s] INFO:colcon.colcon_core.shell:Creating package descriptor '/home/wlk/workspace/autocar/install/src/share/src/package.dsv'
[16.071s] INFO:colcon.colcon_core.shell:Creating package script '/home/wlk/workspace/autocar/install/src/share/src/package.sh'
[16.072s] INFO:colcon.colcon_core.shell:Creating package script '/home/wlk/workspace/autocar/install/src/share/src/package.bash'
[16.074s] INFO:colcon.colcon_core.shell:Creating package script '/home/wlk/workspace/autocar/install/src/share/src/package.zsh'
[16.075s] Level 1:colcon.colcon_core.environment:create_file_with_runtime_dependencies(/home/wlk/workspace/autocar/install/src/share/colcon-core/packages/src)
[16.106s] Level 1:colcon.colcon_core.environment:create_environment_scripts_only(src)
[16.125s] Level 1:colcon.colcon_core.environment:checking '/home/wlk/workspace/autocar/install/src' for CMake module files
[16.125s] Level 1:colcon.colcon_core.environment:checking '/home/wlk/workspace/autocar/install/src' for CMake config files
[16.125s] Level 1:colcon.colcon_core.shell:create_environment_hook('src', 'cmake_prefix_path')
[16.145s] INFO:colcon.colcon_core.shell:Creating environment hook '/home/wlk/workspace/autocar/install/src/share/src/hook/cmake_prefix_path.ps1'
[16.145s] INFO:colcon.colcon_core.shell:Creating environment descriptor '/home/wlk/workspace/autocar/install/src/share/src/hook/cmake_prefix_path.dsv'
[16.145s] INFO:colcon.colcon_core.shell:Creating environment hook '/home/wlk/workspace/autocar/install/src/share/src/hook/cmake_prefix_path.sh'
[16.146s] Level 1:colcon.colcon_core.environment:checking '/home/wlk/workspace/autocar/install/src/bin'
[16.146s] Level 1:colcon.colcon_core.environment:checking '/home/wlk/workspace/autocar/install/src/lib/pkgconfig/src.pc'
[16.146s] Level 1:colcon.colcon_core.environment:checking '/home/wlk/workspace/autocar/install/src/lib/python3.11/site-packages'
[16.146s] Level 1:colcon.colcon_core.environment:checking '/home/wlk/workspace/autocar/install/src/bin'
[16.175s] INFO:colcon.colcon_core.shell:Creating package script '/home/wlk/workspace/autocar/install/src/share/src/package.ps1'
[16.176s] INFO:colcon.colcon_core.shell:Creating package descriptor '/home/wlk/workspace/autocar/install/src/share/src/package.dsv'
[16.176s] INFO:colcon.colcon_core.shell:Creating package script '/home/wlk/workspace/autocar/install/src/share/src/package.sh'
[16.176s] INFO:colcon.colcon_core.shell:Creating package script '/home/wlk/workspace/autocar/install/src/share/src/package.bash'
[16.177s] INFO:colcon.colcon_core.shell:Creating package script '/home/wlk/workspace/autocar/install/src/share/src/package.zsh'
[16.177s] Level 1:colcon.colcon_core.environment:create_file_with_runtime_dependencies(/home/wlk/workspace/autocar/install/src/share/colcon-core/packages/src)
[16.177s] DEBUG:colcon.colcon_parallel_executor.executor.parallel:closing loop
[16.177s] DEBUG:colcon.colcon_parallel_executor.executor.parallel:loop closed
[16.177s] DEBUG:colcon.colcon_parallel_executor.executor.parallel:run_until_complete finished with '0'
[16.178s] DEBUG:colcon.colcon_core.event_reactor:joining thread
[16.201s] INFO:colcon.colcon_core.plugin_system:Skipping extension 'colcon_notification.desktop_notification.notify2': 'notify2' not found
[16.283s] INFO:colcon.colcon_core.plugin_system:Skipping extension 'colcon_notification.desktop_notification.notify_send': Could not find 'notify-send'
[16.283s] INFO:colcon.colcon_core.plugin_system:Skipping extension 'colcon_notification.desktop_notification.terminal_notifier': Not used on non-Darwin systems
[16.283s] INFO:colcon.colcon_core.plugin_system:Skipping extension 'colcon_notification.desktop_notification.win32': Not used on non-Windows systems
[16.284s] DEBUG:colcon.colcon_core.event_reactor:joined thread
[16.302s] INFO:colcon.colcon_core.shell:Creating prefix script '/home/wlk/workspace/autocar/install/local_setup.ps1'
[16.303s] INFO:colcon.colcon_core.shell:Creating prefix util module '/home/wlk/workspace/autocar/install/_local_setup_util_ps1.py'
[16.304s] INFO:colcon.colcon_core.shell:Creating prefix chain script '/home/wlk/workspace/autocar/install/setup.ps1'
[16.324s] INFO:colcon.colcon_core.shell:Creating prefix script '/home/wlk/workspace/autocar/install/local_setup.sh'
[16.325s] INFO:colcon.colcon_core.shell:Creating prefix util module '/home/wlk/workspace/autocar/install/_local_setup_util_sh.py'
[16.325s] INFO:colcon.colcon_core.shell:Creating prefix chain script '/home/wlk/workspace/autocar/install/setup.sh'
[16.346s] INFO:colcon.colcon_core.shell:Creating prefix script '/home/wlk/workspace/autocar/install/local_setup.bash'
[16.346s] INFO:colcon.colcon_core.shell:Creating prefix chain script '/home/wlk/workspace/autocar/install/setup.bash'
[16.366s] INFO:colcon.colcon_core.shell:Creating prefix script '/home/wlk/workspace/autocar/install/local_setup.zsh'
[16.367s] INFO:colcon.colcon_core.shell:Creating prefix chain script '/home/wlk/workspace/autocar/install/setup.zsh'
