[1.125s] DEBUG:colcon:Command line arguments: ['/home/wlk/anaconda3/bin/colcon', 'list', '-p', '--base-paths', '/home/wlk/workspace/autocar']
[1.126s] DEBUG:colcon:Parsed command line arguments: Namespace(log_base=None, log_level=None, verb_name='list', build_base='build', ignore_user_meta=False, metas=['./colcon.meta'], base_paths=['/home/wlk/workspace/autocar'], packages_ignore=None, packages_ignore_regex=None, paths=None, packages_up_to=None, packages_up_to_regex=None, packages_above=None, packages_above_and_dependencies=None, packages_above_depth=None, packages_select_by_dep=None, packages_skip_by_dep=None, packages_skip_up_to=None, packages_select_build_failed=False, packages_skip_build_finished=False, packages_select_test_failures=False, packages_skip_test_passed=False, packages_select=None, packages_skip=None, packages_select_regex=None, packages_skip_regex=None, packages_start=None, packages_end=None, topological_order=False, names_only=False, paths_only=True, topological_graph=False, topological_graph_dot=False, topological_graph_density=False, topological_graph_legend=False, topological_graph_dot_cluster=False, topological_graph_dot_include_skipped=False, verb_parser=<colcon_defaults.argument_parser.defaults.DefaultArgumentsDecorator object at 0x7fb078056d10>, verb_extension=<colcon_package_information.verb.list.ListVerb object at 0x7fb07805bf90>, main=<bound method ListVerb.main of <colcon_package_information.verb.list.ListVerb object at 0x7fb07805bf90>>)
[1.187s] Level 1:colcon.colcon_core.package_discovery:discover_packages(colcon_meta) check parameters
[1.187s] Level 1:colcon.colcon_core.package_discovery:discover_packages(recursive) check parameters
[1.187s] Level 1:colcon.colcon_core.package_discovery:discover_packages(ignore) check parameters
[1.187s] Level 1:colcon.colcon_core.package_discovery:discover_packages(path) check parameters
[1.187s] Level 1:colcon.colcon_core.package_discovery:discover_packages(recursive) discover
[1.187s] INFO:colcon.colcon_core.package_discovery:Crawling recursively for packages in '/home/wlk/workspace/autocar'
[1.187s] Level 1:colcon.colcon_core.package_identification:_identify(/home/wlk/workspace/autocar) by extensions ['ignore', 'ignore_ament_install']
[1.187s] Level 1:colcon.colcon_core.package_identification:_identify(/home/wlk/workspace/autocar) by extension 'ignore'
[1.187s] Level 1:colcon.colcon_core.package_identification:_identify(/home/wlk/workspace/autocar) by extension 'ignore_ament_install'
[1.187s] Level 1:colcon.colcon_core.package_identification:_identify(/home/wlk/workspace/autocar) by extensions ['colcon_pkg']
[1.187s] Level 1:colcon.colcon_core.package_identification:_identify(/home/wlk/workspace/autocar) by extension 'colcon_pkg'
[1.187s] Level 1:colcon.colcon_core.package_identification:_identify(/home/wlk/workspace/autocar) by extensions ['colcon_meta']
[1.187s] Level 1:colcon.colcon_core.package_identification:_identify(/home/wlk/workspace/autocar) by extension 'colcon_meta'
[1.187s] Level 1:colcon.colcon_core.package_identification:_identify(/home/wlk/workspace/autocar) by extensions ['ros']
[1.187s] Level 1:colcon.colcon_core.package_identification:_identify(/home/wlk/workspace/autocar) by extension 'ros'
[1.206s] Level 1:colcon.colcon_core.package_identification:_identify(/home/wlk/workspace/autocar) by extensions ['cmake', 'python']
[1.206s] Level 1:colcon.colcon_core.package_identification:_identify(/home/wlk/workspace/autocar) by extension 'cmake'
[1.206s] Level 1:colcon.colcon_core.package_identification:_identify(/home/wlk/workspace/autocar) by extension 'python'
[1.206s] Level 1:colcon.colcon_core.package_identification:_identify(/home/wlk/workspace/autocar) by extensions ['python_setup_py']
[1.206s] Level 1:colcon.colcon_core.package_identification:_identify(/home/wlk/workspace/autocar) by extension 'python_setup_py'
[1.206s] Level 1:colcon.colcon_core.package_identification:_identify(/home/wlk/workspace/autocar/Image) by extensions ['ignore', 'ignore_ament_install']
[1.206s] Level 1:colcon.colcon_core.package_identification:_identify(/home/wlk/workspace/autocar/Image) by extension 'ignore'
[1.206s] Level 1:colcon.colcon_core.package_identification:_identify(/home/wlk/workspace/autocar/Image) by extension 'ignore_ament_install'
[1.206s] Level 1:colcon.colcon_core.package_identification:_identify(/home/wlk/workspace/autocar/Image) by extensions ['colcon_pkg']
[1.206s] Level 1:colcon.colcon_core.package_identification:_identify(/home/wlk/workspace/autocar/Image) by extension 'colcon_pkg'
[1.207s] Level 1:colcon.colcon_core.package_identification:_identify(/home/wlk/workspace/autocar/Image) by extensions ['colcon_meta']
[1.207s] Level 1:colcon.colcon_core.package_identification:_identify(/home/wlk/workspace/autocar/Image) by extension 'colcon_meta'
[1.207s] Level 1:colcon.colcon_core.package_identification:_identify(/home/wlk/workspace/autocar/Image) by extensions ['ros']
[1.207s] Level 1:colcon.colcon_core.package_identification:_identify(/home/wlk/workspace/autocar/Image) by extension 'ros'
[1.207s] Level 1:colcon.colcon_core.package_identification:_identify(/home/wlk/workspace/autocar/Image) by extensions ['cmake', 'python']
[1.207s] Level 1:colcon.colcon_core.package_identification:_identify(/home/wlk/workspace/autocar/Image) by extension 'cmake'
[1.207s] Level 1:colcon.colcon_core.package_identification:_identify(/home/wlk/workspace/autocar/Image) by extension 'python'
[1.207s] Level 1:colcon.colcon_core.package_identification:_identify(/home/wlk/workspace/autocar/Image) by extensions ['python_setup_py']
[1.207s] Level 1:colcon.colcon_core.package_identification:_identify(/home/wlk/workspace/autocar/Image) by extension 'python_setup_py'
[1.207s] Level 1:colcon.colcon_core.package_identification:_identify(/home/wlk/workspace/autocar/build) by extensions ['ignore', 'ignore_ament_install']
[1.207s] Level 1:colcon.colcon_core.package_identification:_identify(/home/wlk/workspace/autocar/build) by extension 'ignore'
[1.207s] Level 1:colcon.colcon_core.package_identification:_identify(/home/wlk/workspace/autocar/build) by extension 'ignore_ament_install'
[1.207s] Level 1:colcon.colcon_core.package_identification:_identify(/home/wlk/workspace/autocar/build) by extensions ['colcon_pkg']
[1.207s] Level 1:colcon.colcon_core.package_identification:_identify(/home/wlk/workspace/autocar/build) by extension 'colcon_pkg'
[1.207s] Level 1:colcon.colcon_core.package_identification:_identify(/home/wlk/workspace/autocar/build) by extensions ['colcon_meta']
[1.207s] Level 1:colcon.colcon_core.package_identification:_identify(/home/wlk/workspace/autocar/build) by extension 'colcon_meta'
[1.207s] Level 1:colcon.colcon_core.package_identification:_identify(/home/wlk/workspace/autocar/build) by extensions ['ros']
[1.207s] Level 1:colcon.colcon_core.package_identification:_identify(/home/wlk/workspace/autocar/build) by extension 'ros'
[1.207s] Level 1:colcon.colcon_core.package_identification:_identify(/home/wlk/workspace/autocar/build) by extensions ['cmake', 'python']
[1.207s] Level 1:colcon.colcon_core.package_identification:_identify(/home/wlk/workspace/autocar/build) by extension 'cmake'
[1.207s] Level 1:colcon.colcon_core.package_identification:_identify(/home/wlk/workspace/autocar/build) by extension 'python'
[1.207s] Level 1:colcon.colcon_core.package_identification:_identify(/home/wlk/workspace/autocar/build) by extensions ['python_setup_py']
[1.207s] Level 1:colcon.colcon_core.package_identification:_identify(/home/wlk/workspace/autocar/build) by extension 'python_setup_py'
[1.207s] Level 1:colcon.colcon_core.package_identification:_identify(/home/wlk/workspace/autocar/build/CMakeFiles) by extensions ['ignore', 'ignore_ament_install']
[1.207s] Level 1:colcon.colcon_core.package_identification:_identify(/home/wlk/workspace/autocar/build/CMakeFiles) by extension 'ignore'
[1.207s] Level 1:colcon.colcon_core.package_identification:_identify(/home/wlk/workspace/autocar/build/CMakeFiles) by extension 'ignore_ament_install'
[1.207s] Level 1:colcon.colcon_core.package_identification:_identify(/home/wlk/workspace/autocar/build/CMakeFiles) by extensions ['colcon_pkg']
[1.208s] Level 1:colcon.colcon_core.package_identification:_identify(/home/wlk/workspace/autocar/build/CMakeFiles) by extension 'colcon_pkg'
[1.208s] Level 1:colcon.colcon_core.package_identification:_identify(/home/wlk/workspace/autocar/build/CMakeFiles) by extensions ['colcon_meta']
[1.208s] Level 1:colcon.colcon_core.package_identification:_identify(/home/wlk/workspace/autocar/build/CMakeFiles) by extension 'colcon_meta'
[1.208s] Level 1:colcon.colcon_core.package_identification:_identify(/home/wlk/workspace/autocar/build/CMakeFiles) by extensions ['ros']
[1.208s] Level 1:colcon.colcon_core.package_identification:_identify(/home/wlk/workspace/autocar/build/CMakeFiles) by extension 'ros'
[1.208s] Level 1:colcon.colcon_core.package_identification:_identify(/home/wlk/workspace/autocar/build/CMakeFiles) by extensions ['cmake', 'python']
[1.208s] Level 1:colcon.colcon_core.package_identification:_identify(/home/wlk/workspace/autocar/build/CMakeFiles) by extension 'cmake'
[1.208s] Level 1:colcon.colcon_core.package_identification:_identify(/home/wlk/workspace/autocar/build/CMakeFiles) by extension 'python'
[1.208s] Level 1:colcon.colcon_core.package_identification:_identify(/home/wlk/workspace/autocar/build/CMakeFiles) by extensions ['python_setup_py']
[1.208s] Level 1:colcon.colcon_core.package_identification:_identify(/home/wlk/workspace/autocar/build/CMakeFiles) by extension 'python_setup_py'
[1.208s] Level 1:colcon.colcon_core.package_identification:_identify(/home/wlk/workspace/autocar/build/CMakeFiles/3.22.1) by extensions ['ignore', 'ignore_ament_install']
[1.208s] Level 1:colcon.colcon_core.package_identification:_identify(/home/wlk/workspace/autocar/build/CMakeFiles/3.22.1) by extension 'ignore'
[1.208s] Level 1:colcon.colcon_core.package_identification:_identify(/home/wlk/workspace/autocar/build/CMakeFiles/3.22.1) by extension 'ignore_ament_install'
[1.208s] Level 1:colcon.colcon_core.package_identification:_identify(/home/wlk/workspace/autocar/build/CMakeFiles/3.22.1) by extensions ['colcon_pkg']
[1.208s] Level 1:colcon.colcon_core.package_identification:_identify(/home/wlk/workspace/autocar/build/CMakeFiles/3.22.1) by extension 'colcon_pkg'
[1.208s] Level 1:colcon.colcon_core.package_identification:_identify(/home/wlk/workspace/autocar/build/CMakeFiles/3.22.1) by extensions ['colcon_meta']
[1.208s] Level 1:colcon.colcon_core.package_identification:_identify(/home/wlk/workspace/autocar/build/CMakeFiles/3.22.1) by extension 'colcon_meta'
[1.208s] Level 1:colcon.colcon_core.package_identification:_identify(/home/wlk/workspace/autocar/build/CMakeFiles/3.22.1) by extensions ['ros']
[1.208s] Level 1:colcon.colcon_core.package_identification:_identify(/home/wlk/workspace/autocar/build/CMakeFiles/3.22.1) by extension 'ros'
[1.208s] Level 1:colcon.colcon_core.package_identification:_identify(/home/wlk/workspace/autocar/build/CMakeFiles/3.22.1) by extensions ['cmake', 'python']
[1.208s] Level 1:colcon.colcon_core.package_identification:_identify(/home/wlk/workspace/autocar/build/CMakeFiles/3.22.1) by extension 'cmake'
[1.208s] Level 1:colcon.colcon_core.package_identification:_identify(/home/wlk/workspace/autocar/build/CMakeFiles/3.22.1) by extension 'python'
[1.208s] Level 1:colcon.colcon_core.package_identification:_identify(/home/wlk/workspace/autocar/build/CMakeFiles/3.22.1) by extensions ['python_setup_py']
[1.208s] Level 1:colcon.colcon_core.package_identification:_identify(/home/wlk/workspace/autocar/build/CMakeFiles/3.22.1) by extension 'python_setup_py'
[1.208s] Level 1:colcon.colcon_core.package_identification:_identify(/home/wlk/workspace/autocar/build/CMakeFiles/3.22.1/CompilerIdC) by extensions ['ignore', 'ignore_ament_install']
[1.209s] Level 1:colcon.colcon_core.package_identification:_identify(/home/wlk/workspace/autocar/build/CMakeFiles/3.22.1/CompilerIdC) by extension 'ignore'
[1.209s] Level 1:colcon.colcon_core.package_identification:_identify(/home/wlk/workspace/autocar/build/CMakeFiles/3.22.1/CompilerIdC) by extension 'ignore_ament_install'
[1.209s] Level 1:colcon.colcon_core.package_identification:_identify(/home/wlk/workspace/autocar/build/CMakeFiles/3.22.1/CompilerIdC) by extensions ['colcon_pkg']
[1.209s] Level 1:colcon.colcon_core.package_identification:_identify(/home/wlk/workspace/autocar/build/CMakeFiles/3.22.1/CompilerIdC) by extension 'colcon_pkg'
[1.209s] Level 1:colcon.colcon_core.package_identification:_identify(/home/wlk/workspace/autocar/build/CMakeFiles/3.22.1/CompilerIdC) by extensions ['colcon_meta']
[1.209s] Level 1:colcon.colcon_core.package_identification:_identify(/home/wlk/workspace/autocar/build/CMakeFiles/3.22.1/CompilerIdC) by extension 'colcon_meta'
[1.209s] Level 1:colcon.colcon_core.package_identification:_identify(/home/wlk/workspace/autocar/build/CMakeFiles/3.22.1/CompilerIdC) by extensions ['ros']
[1.209s] Level 1:colcon.colcon_core.package_identification:_identify(/home/wlk/workspace/autocar/build/CMakeFiles/3.22.1/CompilerIdC) by extension 'ros'
[1.209s] Level 1:colcon.colcon_core.package_identification:_identify(/home/wlk/workspace/autocar/build/CMakeFiles/3.22.1/CompilerIdC) by extensions ['cmake', 'python']
[1.209s] Level 1:colcon.colcon_core.package_identification:_identify(/home/wlk/workspace/autocar/build/CMakeFiles/3.22.1/CompilerIdC) by extension 'cmake'
[1.209s] Level 1:colcon.colcon_core.package_identification:_identify(/home/wlk/workspace/autocar/build/CMakeFiles/3.22.1/CompilerIdC) by extension 'python'
[1.209s] Level 1:colcon.colcon_core.package_identification:_identify(/home/wlk/workspace/autocar/build/CMakeFiles/3.22.1/CompilerIdC) by extensions ['python_setup_py']
[1.209s] Level 1:colcon.colcon_core.package_identification:_identify(/home/wlk/workspace/autocar/build/CMakeFiles/3.22.1/CompilerIdC) by extension 'python_setup_py'
[1.209s] Level 1:colcon.colcon_core.package_identification:_identify(/home/wlk/workspace/autocar/build/CMakeFiles/3.22.1/CompilerIdC/tmp) by extensions ['ignore', 'ignore_ament_install']
[1.209s] Level 1:colcon.colcon_core.package_identification:_identify(/home/wlk/workspace/autocar/build/CMakeFiles/3.22.1/CompilerIdC/tmp) by extension 'ignore'
[1.209s] Level 1:colcon.colcon_core.package_identification:_identify(/home/wlk/workspace/autocar/build/CMakeFiles/3.22.1/CompilerIdC/tmp) by extension 'ignore_ament_install'
[1.209s] Level 1:colcon.colcon_core.package_identification:_identify(/home/wlk/workspace/autocar/build/CMakeFiles/3.22.1/CompilerIdC/tmp) by extensions ['colcon_pkg']
[1.209s] Level 1:colcon.colcon_core.package_identification:_identify(/home/wlk/workspace/autocar/build/CMakeFiles/3.22.1/CompilerIdC/tmp) by extension 'colcon_pkg'
[1.209s] Level 1:colcon.colcon_core.package_identification:_identify(/home/wlk/workspace/autocar/build/CMakeFiles/3.22.1/CompilerIdC/tmp) by extensions ['colcon_meta']
[1.209s] Level 1:colcon.colcon_core.package_identification:_identify(/home/wlk/workspace/autocar/build/CMakeFiles/3.22.1/CompilerIdC/tmp) by extension 'colcon_meta'
[1.209s] Level 1:colcon.colcon_core.package_identification:_identify(/home/wlk/workspace/autocar/build/CMakeFiles/3.22.1/CompilerIdC/tmp) by extensions ['ros']
[1.209s] Level 1:colcon.colcon_core.package_identification:_identify(/home/wlk/workspace/autocar/build/CMakeFiles/3.22.1/CompilerIdC/tmp) by extension 'ros'
[1.209s] Level 1:colcon.colcon_core.package_identification:_identify(/home/wlk/workspace/autocar/build/CMakeFiles/3.22.1/CompilerIdC/tmp) by extensions ['cmake', 'python']
[1.209s] Level 1:colcon.colcon_core.package_identification:_identify(/home/wlk/workspace/autocar/build/CMakeFiles/3.22.1/CompilerIdC/tmp) by extension 'cmake'
[1.210s] Level 1:colcon.colcon_core.package_identification:_identify(/home/wlk/workspace/autocar/build/CMakeFiles/3.22.1/CompilerIdC/tmp) by extension 'python'
[1.210s] Level 1:colcon.colcon_core.package_identification:_identify(/home/wlk/workspace/autocar/build/CMakeFiles/3.22.1/CompilerIdC/tmp) by extensions ['python_setup_py']
[1.210s] Level 1:colcon.colcon_core.package_identification:_identify(/home/wlk/workspace/autocar/build/CMakeFiles/3.22.1/CompilerIdC/tmp) by extension 'python_setup_py'
[1.210s] Level 1:colcon.colcon_core.package_identification:_identify(/home/wlk/workspace/autocar/build/CMakeFiles/3.22.1/CompilerIdCXX) by extensions ['ignore', 'ignore_ament_install']
[1.210s] Level 1:colcon.colcon_core.package_identification:_identify(/home/wlk/workspace/autocar/build/CMakeFiles/3.22.1/CompilerIdCXX) by extension 'ignore'
[1.210s] Level 1:colcon.colcon_core.package_identification:_identify(/home/wlk/workspace/autocar/build/CMakeFiles/3.22.1/CompilerIdCXX) by extension 'ignore_ament_install'
[1.210s] Level 1:colcon.colcon_core.package_identification:_identify(/home/wlk/workspace/autocar/build/CMakeFiles/3.22.1/CompilerIdCXX) by extensions ['colcon_pkg']
[1.210s] Level 1:colcon.colcon_core.package_identification:_identify(/home/wlk/workspace/autocar/build/CMakeFiles/3.22.1/CompilerIdCXX) by extension 'colcon_pkg'
[1.210s] Level 1:colcon.colcon_core.package_identification:_identify(/home/wlk/workspace/autocar/build/CMakeFiles/3.22.1/CompilerIdCXX) by extensions ['colcon_meta']
[1.210s] Level 1:colcon.colcon_core.package_identification:_identify(/home/wlk/workspace/autocar/build/CMakeFiles/3.22.1/CompilerIdCXX) by extension 'colcon_meta'
[1.210s] Level 1:colcon.colcon_core.package_identification:_identify(/home/wlk/workspace/autocar/build/CMakeFiles/3.22.1/CompilerIdCXX) by extensions ['ros']
[1.210s] Level 1:colcon.colcon_core.package_identification:_identify(/home/wlk/workspace/autocar/build/CMakeFiles/3.22.1/CompilerIdCXX) by extension 'ros'
[1.210s] Level 1:colcon.colcon_core.package_identification:_identify(/home/wlk/workspace/autocar/build/CMakeFiles/3.22.1/CompilerIdCXX) by extensions ['cmake', 'python']
[1.210s] Level 1:colcon.colcon_core.package_identification:_identify(/home/wlk/workspace/autocar/build/CMakeFiles/3.22.1/CompilerIdCXX) by extension 'cmake'
[1.210s] Level 1:colcon.colcon_core.package_identification:_identify(/home/wlk/workspace/autocar/build/CMakeFiles/3.22.1/CompilerIdCXX) by extension 'python'
[1.210s] Level 1:colcon.colcon_core.package_identification:_identify(/home/wlk/workspace/autocar/build/CMakeFiles/3.22.1/CompilerIdCXX) by extensions ['python_setup_py']
[1.210s] Level 1:colcon.colcon_core.package_identification:_identify(/home/wlk/workspace/autocar/build/CMakeFiles/3.22.1/CompilerIdCXX) by extension 'python_setup_py'
[1.211s] Level 1:colcon.colcon_core.package_identification:_identify(/home/wlk/workspace/autocar/build/CMakeFiles/3.22.1/CompilerIdCXX/tmp) by extensions ['ignore', 'ignore_ament_install']
[1.211s] Level 1:colcon.colcon_core.package_identification:_identify(/home/wlk/workspace/autocar/build/CMakeFiles/3.22.1/CompilerIdCXX/tmp) by extension 'ignore'
[1.211s] Level 1:colcon.colcon_core.package_identification:_identify(/home/wlk/workspace/autocar/build/CMakeFiles/3.22.1/CompilerIdCXX/tmp) by extension 'ignore_ament_install'
[1.211s] Level 1:colcon.colcon_core.package_identification:_identify(/home/wlk/workspace/autocar/build/CMakeFiles/3.22.1/CompilerIdCXX/tmp) by extensions ['colcon_pkg']
[1.211s] Level 1:colcon.colcon_core.package_identification:_identify(/home/wlk/workspace/autocar/build/CMakeFiles/3.22.1/CompilerIdCXX/tmp) by extension 'colcon_pkg'
[1.211s] Level 1:colcon.colcon_core.package_identification:_identify(/home/wlk/workspace/autocar/build/CMakeFiles/3.22.1/CompilerIdCXX/tmp) by extensions ['colcon_meta']
[1.211s] Level 1:colcon.colcon_core.package_identification:_identify(/home/wlk/workspace/autocar/build/CMakeFiles/3.22.1/CompilerIdCXX/tmp) by extension 'colcon_meta'
[1.211s] Level 1:colcon.colcon_core.package_identification:_identify(/home/wlk/workspace/autocar/build/CMakeFiles/3.22.1/CompilerIdCXX/tmp) by extensions ['ros']
[1.211s] Level 1:colcon.colcon_core.package_identification:_identify(/home/wlk/workspace/autocar/build/CMakeFiles/3.22.1/CompilerIdCXX/tmp) by extension 'ros'
[1.211s] Level 1:colcon.colcon_core.package_identification:_identify(/home/wlk/workspace/autocar/build/CMakeFiles/3.22.1/CompilerIdCXX/tmp) by extensions ['cmake', 'python']
[1.211s] Level 1:colcon.colcon_core.package_identification:_identify(/home/wlk/workspace/autocar/build/CMakeFiles/3.22.1/CompilerIdCXX/tmp) by extension 'cmake'
[1.211s] Level 1:colcon.colcon_core.package_identification:_identify(/home/wlk/workspace/autocar/build/CMakeFiles/3.22.1/CompilerIdCXX/tmp) by extension 'python'
[1.211s] Level 1:colcon.colcon_core.package_identification:_identify(/home/wlk/workspace/autocar/build/CMakeFiles/3.22.1/CompilerIdCXX/tmp) by extensions ['python_setup_py']
[1.211s] Level 1:colcon.colcon_core.package_identification:_identify(/home/wlk/workspace/autocar/build/CMakeFiles/3.22.1/CompilerIdCXX/tmp) by extension 'python_setup_py'
[1.211s] Level 1:colcon.colcon_core.package_identification:_identify(/home/wlk/workspace/autocar/build/CMakeFiles/CMakeTmp) by extensions ['ignore', 'ignore_ament_install']
[1.211s] Level 1:colcon.colcon_core.package_identification:_identify(/home/wlk/workspace/autocar/build/CMakeFiles/CMakeTmp) by extension 'ignore'
[1.211s] Level 1:colcon.colcon_core.package_identification:_identify(/home/wlk/workspace/autocar/build/CMakeFiles/CMakeTmp) by extension 'ignore_ament_install'
[1.211s] Level 1:colcon.colcon_core.package_identification:_identify(/home/wlk/workspace/autocar/build/CMakeFiles/CMakeTmp) by extensions ['colcon_pkg']
[1.211s] Level 1:colcon.colcon_core.package_identification:_identify(/home/wlk/workspace/autocar/build/CMakeFiles/CMakeTmp) by extension 'colcon_pkg'
[1.212s] Level 1:colcon.colcon_core.package_identification:_identify(/home/wlk/workspace/autocar/build/CMakeFiles/CMakeTmp) by extensions ['colcon_meta']
[1.212s] Level 1:colcon.colcon_core.package_identification:_identify(/home/wlk/workspace/autocar/build/CMakeFiles/CMakeTmp) by extension 'colcon_meta'
[1.212s] Level 1:colcon.colcon_core.package_identification:_identify(/home/wlk/workspace/autocar/build/CMakeFiles/CMakeTmp) by extensions ['ros']
[1.212s] Level 1:colcon.colcon_core.package_identification:_identify(/home/wlk/workspace/autocar/build/CMakeFiles/CMakeTmp) by extension 'ros'
[1.212s] Level 1:colcon.colcon_core.package_identification:_identify(/home/wlk/workspace/autocar/build/CMakeFiles/CMakeTmp) by extensions ['cmake', 'python']
[1.212s] Level 1:colcon.colcon_core.package_identification:_identify(/home/wlk/workspace/autocar/build/CMakeFiles/CMakeTmp) by extension 'cmake'
[1.212s] Level 1:colcon.colcon_core.package_identification:_identify(/home/wlk/workspace/autocar/build/CMakeFiles/CMakeTmp) by extension 'python'
[1.212s] Level 1:colcon.colcon_core.package_identification:_identify(/home/wlk/workspace/autocar/build/CMakeFiles/CMakeTmp) by extensions ['python_setup_py']
[1.212s] Level 1:colcon.colcon_core.package_identification:_identify(/home/wlk/workspace/autocar/build/CMakeFiles/CMakeTmp) by extension 'python_setup_py'
[1.212s] Level 1:colcon.colcon_core.package_identification:_identify(/home/wlk/workspace/autocar/build/CMakeFiles/src_uninstall.dir) by extensions ['ignore', 'ignore_ament_install']
[1.212s] Level 1:colcon.colcon_core.package_identification:_identify(/home/wlk/workspace/autocar/build/CMakeFiles/src_uninstall.dir) by extension 'ignore'
[1.212s] Level 1:colcon.colcon_core.package_identification:_identify(/home/wlk/workspace/autocar/build/CMakeFiles/src_uninstall.dir) by extension 'ignore_ament_install'
[1.212s] Level 1:colcon.colcon_core.package_identification:_identify(/home/wlk/workspace/autocar/build/CMakeFiles/src_uninstall.dir) by extensions ['colcon_pkg']
[1.212s] Level 1:colcon.colcon_core.package_identification:_identify(/home/wlk/workspace/autocar/build/CMakeFiles/src_uninstall.dir) by extension 'colcon_pkg'
[1.212s] Level 1:colcon.colcon_core.package_identification:_identify(/home/wlk/workspace/autocar/build/CMakeFiles/src_uninstall.dir) by extensions ['colcon_meta']
[1.212s] Level 1:colcon.colcon_core.package_identification:_identify(/home/wlk/workspace/autocar/build/CMakeFiles/src_uninstall.dir) by extension 'colcon_meta'
[1.212s] Level 1:colcon.colcon_core.package_identification:_identify(/home/wlk/workspace/autocar/build/CMakeFiles/src_uninstall.dir) by extensions ['ros']
[1.212s] Level 1:colcon.colcon_core.package_identification:_identify(/home/wlk/workspace/autocar/build/CMakeFiles/src_uninstall.dir) by extension 'ros'
[1.212s] Level 1:colcon.colcon_core.package_identification:_identify(/home/wlk/workspace/autocar/build/CMakeFiles/src_uninstall.dir) by extensions ['cmake', 'python']
[1.212s] Level 1:colcon.colcon_core.package_identification:_identify(/home/wlk/workspace/autocar/build/CMakeFiles/src_uninstall.dir) by extension 'cmake'
[1.212s] Level 1:colcon.colcon_core.package_identification:_identify(/home/wlk/workspace/autocar/build/CMakeFiles/src_uninstall.dir) by extension 'python'
[1.212s] Level 1:colcon.colcon_core.package_identification:_identify(/home/wlk/workspace/autocar/build/CMakeFiles/src_uninstall.dir) by extensions ['python_setup_py']
[1.213s] Level 1:colcon.colcon_core.package_identification:_identify(/home/wlk/workspace/autocar/build/CMakeFiles/src_uninstall.dir) by extension 'python_setup_py'
[1.213s] Level 1:colcon.colcon_core.package_identification:_identify(/home/wlk/workspace/autocar/build/CMakeFiles/uninstall.dir) by extensions ['ignore', 'ignore_ament_install']
[1.213s] Level 1:colcon.colcon_core.package_identification:_identify(/home/wlk/workspace/autocar/build/CMakeFiles/uninstall.dir) by extension 'ignore'
[1.213s] Level 1:colcon.colcon_core.package_identification:_identify(/home/wlk/workspace/autocar/build/CMakeFiles/uninstall.dir) by extension 'ignore_ament_install'
[1.213s] Level 1:colcon.colcon_core.package_identification:_identify(/home/wlk/workspace/autocar/build/CMakeFiles/uninstall.dir) by extensions ['colcon_pkg']
[1.213s] Level 1:colcon.colcon_core.package_identification:_identify(/home/wlk/workspace/autocar/build/CMakeFiles/uninstall.dir) by extension 'colcon_pkg'
[1.213s] Level 1:colcon.colcon_core.package_identification:_identify(/home/wlk/workspace/autocar/build/CMakeFiles/uninstall.dir) by extensions ['colcon_meta']
[1.213s] Level 1:colcon.colcon_core.package_identification:_identify(/home/wlk/workspace/autocar/build/CMakeFiles/uninstall.dir) by extension 'colcon_meta'
[1.213s] Level 1:colcon.colcon_core.package_identification:_identify(/home/wlk/workspace/autocar/build/CMakeFiles/uninstall.dir) by extensions ['ros']
[1.213s] Level 1:colcon.colcon_core.package_identification:_identify(/home/wlk/workspace/autocar/build/CMakeFiles/uninstall.dir) by extension 'ros'
[1.213s] Level 1:colcon.colcon_core.package_identification:_identify(/home/wlk/workspace/autocar/build/CMakeFiles/uninstall.dir) by extensions ['cmake', 'python']
[1.213s] Level 1:colcon.colcon_core.package_identification:_identify(/home/wlk/workspace/autocar/build/CMakeFiles/uninstall.dir) by extension 'cmake'
[1.213s] Level 1:colcon.colcon_core.package_identification:_identify(/home/wlk/workspace/autocar/build/CMakeFiles/uninstall.dir) by extension 'python'
[1.213s] Level 1:colcon.colcon_core.package_identification:_identify(/home/wlk/workspace/autocar/build/CMakeFiles/uninstall.dir) by extensions ['python_setup_py']
[1.213s] Level 1:colcon.colcon_core.package_identification:_identify(/home/wlk/workspace/autocar/build/CMakeFiles/uninstall.dir) by extension 'python_setup_py'
[1.213s] Level 1:colcon.colcon_core.package_identification:_identify(/home/wlk/workspace/autocar/build/Testing) by extensions ['ignore', 'ignore_ament_install']
[1.213s] Level 1:colcon.colcon_core.package_identification:_identify(/home/wlk/workspace/autocar/build/Testing) by extension 'ignore'
[1.213s] Level 1:colcon.colcon_core.package_identification:_identify(/home/wlk/workspace/autocar/build/Testing) by extension 'ignore_ament_install'
[1.213s] Level 1:colcon.colcon_core.package_identification:_identify(/home/wlk/workspace/autocar/build/Testing) by extensions ['colcon_pkg']
[1.213s] Level 1:colcon.colcon_core.package_identification:_identify(/home/wlk/workspace/autocar/build/Testing) by extension 'colcon_pkg'
[1.213s] Level 1:colcon.colcon_core.package_identification:_identify(/home/wlk/workspace/autocar/build/Testing) by extensions ['colcon_meta']
[1.213s] Level 1:colcon.colcon_core.package_identification:_identify(/home/wlk/workspace/autocar/build/Testing) by extension 'colcon_meta'
[1.213s] Level 1:colcon.colcon_core.package_identification:_identify(/home/wlk/workspace/autocar/build/Testing) by extensions ['ros']
[1.213s] Level 1:colcon.colcon_core.package_identification:_identify(/home/wlk/workspace/autocar/build/Testing) by extension 'ros'
[1.214s] Level 1:colcon.colcon_core.package_identification:_identify(/home/wlk/workspace/autocar/build/Testing) by extensions ['cmake', 'python']
[1.214s] Level 1:colcon.colcon_core.package_identification:_identify(/home/wlk/workspace/autocar/build/Testing) by extension 'cmake'
[1.214s] Level 1:colcon.colcon_core.package_identification:_identify(/home/wlk/workspace/autocar/build/Testing) by extension 'python'
[1.214s] Level 1:colcon.colcon_core.package_identification:_identify(/home/wlk/workspace/autocar/build/Testing) by extensions ['python_setup_py']
[1.214s] Level 1:colcon.colcon_core.package_identification:_identify(/home/wlk/workspace/autocar/build/Testing) by extension 'python_setup_py'
[1.214s] Level 1:colcon.colcon_core.package_identification:_identify(/home/wlk/workspace/autocar/build/Testing/20231223-1200) by extensions ['ignore', 'ignore_ament_install']
[1.214s] Level 1:colcon.colcon_core.package_identification:_identify(/home/wlk/workspace/autocar/build/Testing/20231223-1200) by extension 'ignore'
[1.214s] Level 1:colcon.colcon_core.package_identification:_identify(/home/wlk/workspace/autocar/build/Testing/20231223-1200) by extension 'ignore_ament_install'
[1.214s] Level 1:colcon.colcon_core.package_identification:_identify(/home/wlk/workspace/autocar/build/Testing/20231223-1200) by extensions ['colcon_pkg']
[1.214s] Level 1:colcon.colcon_core.package_identification:_identify(/home/wlk/workspace/autocar/build/Testing/20231223-1200) by extension 'colcon_pkg'
[1.214s] Level 1:colcon.colcon_core.package_identification:_identify(/home/wlk/workspace/autocar/build/Testing/20231223-1200) by extensions ['colcon_meta']
[1.214s] Level 1:colcon.colcon_core.package_identification:_identify(/home/wlk/workspace/autocar/build/Testing/20231223-1200) by extension 'colcon_meta'
[1.214s] Level 1:colcon.colcon_core.package_identification:_identify(/home/wlk/workspace/autocar/build/Testing/20231223-1200) by extensions ['ros']
[1.214s] Level 1:colcon.colcon_core.package_identification:_identify(/home/wlk/workspace/autocar/build/Testing/20231223-1200) by extension 'ros'
[1.214s] Level 1:colcon.colcon_core.package_identification:_identify(/home/wlk/workspace/autocar/build/Testing/20231223-1200) by extensions ['cmake', 'python']
[1.214s] Level 1:colcon.colcon_core.package_identification:_identify(/home/wlk/workspace/autocar/build/Testing/20231223-1200) by extension 'cmake'
[1.214s] Level 1:colcon.colcon_core.package_identification:_identify(/home/wlk/workspace/autocar/build/Testing/20231223-1200) by extension 'python'
[1.214s] Level 1:colcon.colcon_core.package_identification:_identify(/home/wlk/workspace/autocar/build/Testing/20231223-1200) by extensions ['python_setup_py']
[1.214s] Level 1:colcon.colcon_core.package_identification:_identify(/home/wlk/workspace/autocar/build/Testing/20231223-1200) by extension 'python_setup_py'
[1.214s] Level 1:colcon.colcon_core.package_identification:_identify(/home/wlk/workspace/autocar/build/Testing/Temporary) by extensions ['ignore', 'ignore_ament_install']
[1.214s] Level 1:colcon.colcon_core.package_identification:_identify(/home/wlk/workspace/autocar/build/Testing/Temporary) by extension 'ignore'
[1.214s] Level 1:colcon.colcon_core.package_identification:_identify(/home/wlk/workspace/autocar/build/Testing/Temporary) by extension 'ignore_ament_install'
[1.214s] Level 1:colcon.colcon_core.package_identification:_identify(/home/wlk/workspace/autocar/build/Testing/Temporary) by extensions ['colcon_pkg']
[1.214s] Level 1:colcon.colcon_core.package_identification:_identify(/home/wlk/workspace/autocar/build/Testing/Temporary) by extension 'colcon_pkg'
[1.214s] Level 1:colcon.colcon_core.package_identification:_identify(/home/wlk/workspace/autocar/build/Testing/Temporary) by extensions ['colcon_meta']
[1.214s] Level 1:colcon.colcon_core.package_identification:_identify(/home/wlk/workspace/autocar/build/Testing/Temporary) by extension 'colcon_meta'
[1.214s] Level 1:colcon.colcon_core.package_identification:_identify(/home/wlk/workspace/autocar/build/Testing/Temporary) by extensions ['ros']
[1.214s] Level 1:colcon.colcon_core.package_identification:_identify(/home/wlk/workspace/autocar/build/Testing/Temporary) by extension 'ros'
[1.215s] Level 1:colcon.colcon_core.package_identification:_identify(/home/wlk/workspace/autocar/build/Testing/Temporary) by extensions ['cmake', 'python']
[1.215s] Level 1:colcon.colcon_core.package_identification:_identify(/home/wlk/workspace/autocar/build/Testing/Temporary) by extension 'cmake'
[1.215s] Level 1:colcon.colcon_core.package_identification:_identify(/home/wlk/workspace/autocar/build/Testing/Temporary) by extension 'python'
[1.215s] Level 1:colcon.colcon_core.package_identification:_identify(/home/wlk/workspace/autocar/build/Testing/Temporary) by extensions ['python_setup_py']
[1.215s] Level 1:colcon.colcon_core.package_identification:_identify(/home/wlk/workspace/autocar/build/Testing/Temporary) by extension 'python_setup_py'
[1.215s] Level 1:colcon.colcon_core.package_identification:_identify(/home/wlk/workspace/autocar/build/ament_cmake_core) by extensions ['ignore', 'ignore_ament_install']
[1.215s] Level 1:colcon.colcon_core.package_identification:_identify(/home/wlk/workspace/autocar/build/ament_cmake_core) by extension 'ignore'
[1.215s] Level 1:colcon.colcon_core.package_identification:_identify(/home/wlk/workspace/autocar/build/ament_cmake_core) by extension 'ignore_ament_install'
[1.215s] Level 1:colcon.colcon_core.package_identification:_identify(/home/wlk/workspace/autocar/build/ament_cmake_core) by extensions ['colcon_pkg']
[1.215s] Level 1:colcon.colcon_core.package_identification:_identify(/home/wlk/workspace/autocar/build/ament_cmake_core) by extension 'colcon_pkg'
[1.215s] Level 1:colcon.colcon_core.package_identification:_identify(/home/wlk/workspace/autocar/build/ament_cmake_core) by extensions ['colcon_meta']
[1.215s] Level 1:colcon.colcon_core.package_identification:_identify(/home/wlk/workspace/autocar/build/ament_cmake_core) by extension 'colcon_meta'
[1.215s] Level 1:colcon.colcon_core.package_identification:_identify(/home/wlk/workspace/autocar/build/ament_cmake_core) by extensions ['ros']
[1.215s] Level 1:colcon.colcon_core.package_identification:_identify(/home/wlk/workspace/autocar/build/ament_cmake_core) by extension 'ros'
[1.215s] Level 1:colcon.colcon_core.package_identification:_identify(/home/wlk/workspace/autocar/build/ament_cmake_core) by extensions ['cmake', 'python']
[1.215s] Level 1:colcon.colcon_core.package_identification:_identify(/home/wlk/workspace/autocar/build/ament_cmake_core) by extension 'cmake'
[1.215s] Level 1:colcon.colcon_core.package_identification:_identify(/home/wlk/workspace/autocar/build/ament_cmake_core) by extension 'python'
[1.215s] Level 1:colcon.colcon_core.package_identification:_identify(/home/wlk/workspace/autocar/build/ament_cmake_core) by extensions ['python_setup_py']
[1.215s] Level 1:colcon.colcon_core.package_identification:_identify(/home/wlk/workspace/autocar/build/ament_cmake_core) by extension 'python_setup_py'
[1.215s] Level 1:colcon.colcon_core.package_identification:_identify(/home/wlk/workspace/autocar/build/ament_cmake_core/stamps) by extensions ['ignore', 'ignore_ament_install']
[1.215s] Level 1:colcon.colcon_core.package_identification:_identify(/home/wlk/workspace/autocar/build/ament_cmake_core/stamps) by extension 'ignore'
[1.215s] Level 1:colcon.colcon_core.package_identification:_identify(/home/wlk/workspace/autocar/build/ament_cmake_core/stamps) by extension 'ignore_ament_install'
[1.215s] Level 1:colcon.colcon_core.package_identification:_identify(/home/wlk/workspace/autocar/build/ament_cmake_core/stamps) by extensions ['colcon_pkg']
[1.215s] Level 1:colcon.colcon_core.package_identification:_identify(/home/wlk/workspace/autocar/build/ament_cmake_core/stamps) by extension 'colcon_pkg'
[1.215s] Level 1:colcon.colcon_core.package_identification:_identify(/home/wlk/workspace/autocar/build/ament_cmake_core/stamps) by extensions ['colcon_meta']
[1.215s] Level 1:colcon.colcon_core.package_identification:_identify(/home/wlk/workspace/autocar/build/ament_cmake_core/stamps) by extension 'colcon_meta'
[1.216s] Level 1:colcon.colcon_core.package_identification:_identify(/home/wlk/workspace/autocar/build/ament_cmake_core/stamps) by extensions ['ros']
[1.216s] Level 1:colcon.colcon_core.package_identification:_identify(/home/wlk/workspace/autocar/build/ament_cmake_core/stamps) by extension 'ros'
[1.216s] Level 1:colcon.colcon_core.package_identification:_identify(/home/wlk/workspace/autocar/build/ament_cmake_core/stamps) by extensions ['cmake', 'python']
[1.216s] Level 1:colcon.colcon_core.package_identification:_identify(/home/wlk/workspace/autocar/build/ament_cmake_core/stamps) by extension 'cmake'
[1.216s] Level 1:colcon.colcon_core.package_identification:_identify(/home/wlk/workspace/autocar/build/ament_cmake_core/stamps) by extension 'python'
[1.216s] Level 1:colcon.colcon_core.package_identification:_identify(/home/wlk/workspace/autocar/build/ament_cmake_core/stamps) by extensions ['python_setup_py']
[1.216s] Level 1:colcon.colcon_core.package_identification:_identify(/home/wlk/workspace/autocar/build/ament_cmake_core/stamps) by extension 'python_setup_py'
[1.216s] Level 1:colcon.colcon_core.package_identification:_identify(/home/wlk/workspace/autocar/build/ament_cmake_environment_hooks) by extensions ['ignore', 'ignore_ament_install']
[1.216s] Level 1:colcon.colcon_core.package_identification:_identify(/home/wlk/workspace/autocar/build/ament_cmake_environment_hooks) by extension 'ignore'
[1.216s] Level 1:colcon.colcon_core.package_identification:_identify(/home/wlk/workspace/autocar/build/ament_cmake_environment_hooks) by extension 'ignore_ament_install'
[1.216s] Level 1:colcon.colcon_core.package_identification:_identify(/home/wlk/workspace/autocar/build/ament_cmake_environment_hooks) by extensions ['colcon_pkg']
[1.216s] Level 1:colcon.colcon_core.package_identification:_identify(/home/wlk/workspace/autocar/build/ament_cmake_environment_hooks) by extension 'colcon_pkg'
[1.216s] Level 1:colcon.colcon_core.package_identification:_identify(/home/wlk/workspace/autocar/build/ament_cmake_environment_hooks) by extensions ['colcon_meta']
[1.216s] Level 1:colcon.colcon_core.package_identification:_identify(/home/wlk/workspace/autocar/build/ament_cmake_environment_hooks) by extension 'colcon_meta'
[1.216s] Level 1:colcon.colcon_core.package_identification:_identify(/home/wlk/workspace/autocar/build/ament_cmake_environment_hooks) by extensions ['ros']
[1.216s] Level 1:colcon.colcon_core.package_identification:_identify(/home/wlk/workspace/autocar/build/ament_cmake_environment_hooks) by extension 'ros'
[1.216s] Level 1:colcon.colcon_core.package_identification:_identify(/home/wlk/workspace/autocar/build/ament_cmake_environment_hooks) by extensions ['cmake', 'python']
[1.216s] Level 1:colcon.colcon_core.package_identification:_identify(/home/wlk/workspace/autocar/build/ament_cmake_environment_hooks) by extension 'cmake'
[1.216s] Level 1:colcon.colcon_core.package_identification:_identify(/home/wlk/workspace/autocar/build/ament_cmake_environment_hooks) by extension 'python'
[1.216s] Level 1:colcon.colcon_core.package_identification:_identify(/home/wlk/workspace/autocar/build/ament_cmake_environment_hooks) by extensions ['python_setup_py']
[1.216s] Level 1:colcon.colcon_core.package_identification:_identify(/home/wlk/workspace/autocar/build/ament_cmake_environment_hooks) by extension 'python_setup_py'
[1.216s] Level 1:colcon.colcon_core.package_identification:_identify(/home/wlk/workspace/autocar/build/ament_cmake_index) by extensions ['ignore', 'ignore_ament_install']
[1.216s] Level 1:colcon.colcon_core.package_identification:_identify(/home/wlk/workspace/autocar/build/ament_cmake_index) by extension 'ignore'
[1.216s] Level 1:colcon.colcon_core.package_identification:_identify(/home/wlk/workspace/autocar/build/ament_cmake_index) by extension 'ignore_ament_install'
[1.216s] Level 1:colcon.colcon_core.package_identification:_identify(/home/wlk/workspace/autocar/build/ament_cmake_index) by extensions ['colcon_pkg']
[1.217s] Level 1:colcon.colcon_core.package_identification:_identify(/home/wlk/workspace/autocar/build/ament_cmake_index) by extension 'colcon_pkg'
[1.217s] Level 1:colcon.colcon_core.package_identification:_identify(/home/wlk/workspace/autocar/build/ament_cmake_index) by extensions ['colcon_meta']
[1.217s] Level 1:colcon.colcon_core.package_identification:_identify(/home/wlk/workspace/autocar/build/ament_cmake_index) by extension 'colcon_meta'
[1.217s] Level 1:colcon.colcon_core.package_identification:_identify(/home/wlk/workspace/autocar/build/ament_cmake_index) by extensions ['ros']
[1.217s] Level 1:colcon.colcon_core.package_identification:_identify(/home/wlk/workspace/autocar/build/ament_cmake_index) by extension 'ros'
[1.217s] Level 1:colcon.colcon_core.package_identification:_identify(/home/wlk/workspace/autocar/build/ament_cmake_index) by extensions ['cmake', 'python']
[1.217s] Level 1:colcon.colcon_core.package_identification:_identify(/home/wlk/workspace/autocar/build/ament_cmake_index) by extension 'cmake'
[1.217s] Level 1:colcon.colcon_core.package_identification:_identify(/home/wlk/workspace/autocar/build/ament_cmake_index) by extension 'python'
[1.217s] Level 1:colcon.colcon_core.package_identification:_identify(/home/wlk/workspace/autocar/build/ament_cmake_index) by extensions ['python_setup_py']
[1.217s] Level 1:colcon.colcon_core.package_identification:_identify(/home/wlk/workspace/autocar/build/ament_cmake_index) by extension 'python_setup_py'
[1.217s] Level 1:colcon.colcon_core.package_identification:_identify(/home/wlk/workspace/autocar/build/ament_cmake_index/share) by extensions ['ignore', 'ignore_ament_install']
[1.217s] Level 1:colcon.colcon_core.package_identification:_identify(/home/wlk/workspace/autocar/build/ament_cmake_index/share) by extension 'ignore'
[1.217s] Level 1:colcon.colcon_core.package_identification:_identify(/home/wlk/workspace/autocar/build/ament_cmake_index/share) by extension 'ignore_ament_install'
[1.217s] Level 1:colcon.colcon_core.package_identification:_identify(/home/wlk/workspace/autocar/build/ament_cmake_index/share) by extensions ['colcon_pkg']
[1.217s] Level 1:colcon.colcon_core.package_identification:_identify(/home/wlk/workspace/autocar/build/ament_cmake_index/share) by extension 'colcon_pkg'
[1.217s] Level 1:colcon.colcon_core.package_identification:_identify(/home/wlk/workspace/autocar/build/ament_cmake_index/share) by extensions ['colcon_meta']
[1.217s] Level 1:colcon.colcon_core.package_identification:_identify(/home/wlk/workspace/autocar/build/ament_cmake_index/share) by extension 'colcon_meta'
[1.217s] Level 1:colcon.colcon_core.package_identification:_identify(/home/wlk/workspace/autocar/build/ament_cmake_index/share) by extensions ['ros']
[1.217s] Level 1:colcon.colcon_core.package_identification:_identify(/home/wlk/workspace/autocar/build/ament_cmake_index/share) by extension 'ros'
[1.217s] Level 1:colcon.colcon_core.package_identification:_identify(/home/wlk/workspace/autocar/build/ament_cmake_index/share) by extensions ['cmake', 'python']
[1.217s] Level 1:colcon.colcon_core.package_identification:_identify(/home/wlk/workspace/autocar/build/ament_cmake_index/share) by extension 'cmake'
[1.217s] Level 1:colcon.colcon_core.package_identification:_identify(/home/wlk/workspace/autocar/build/ament_cmake_index/share) by extension 'python'
[1.217s] Level 1:colcon.colcon_core.package_identification:_identify(/home/wlk/workspace/autocar/build/ament_cmake_index/share) by extensions ['python_setup_py']
[1.217s] Level 1:colcon.colcon_core.package_identification:_identify(/home/wlk/workspace/autocar/build/ament_cmake_index/share) by extension 'python_setup_py'
[1.217s] Level 1:colcon.colcon_core.package_identification:_identify(/home/wlk/workspace/autocar/build/ament_cmake_index/share/ament_index) by extensions ['ignore', 'ignore_ament_install']
[1.217s] Level 1:colcon.colcon_core.package_identification:_identify(/home/wlk/workspace/autocar/build/ament_cmake_index/share/ament_index) by extension 'ignore'
[1.218s] Level 1:colcon.colcon_core.package_identification:_identify(/home/wlk/workspace/autocar/build/ament_cmake_index/share/ament_index) by extension 'ignore_ament_install'
[1.218s] Level 1:colcon.colcon_core.package_identification:_identify(/home/wlk/workspace/autocar/build/ament_cmake_index/share/ament_index) by extensions ['colcon_pkg']
[1.218s] Level 1:colcon.colcon_core.package_identification:_identify(/home/wlk/workspace/autocar/build/ament_cmake_index/share/ament_index) by extension 'colcon_pkg'
[1.218s] Level 1:colcon.colcon_core.package_identification:_identify(/home/wlk/workspace/autocar/build/ament_cmake_index/share/ament_index) by extensions ['colcon_meta']
[1.218s] Level 1:colcon.colcon_core.package_identification:_identify(/home/wlk/workspace/autocar/build/ament_cmake_index/share/ament_index) by extension 'colcon_meta'
[1.218s] Level 1:colcon.colcon_core.package_identification:_identify(/home/wlk/workspace/autocar/build/ament_cmake_index/share/ament_index) by extensions ['ros']
[1.218s] Level 1:colcon.colcon_core.package_identification:_identify(/home/wlk/workspace/autocar/build/ament_cmake_index/share/ament_index) by extension 'ros'
[1.218s] Level 1:colcon.colcon_core.package_identification:_identify(/home/wlk/workspace/autocar/build/ament_cmake_index/share/ament_index) by extensions ['cmake', 'python']
[1.218s] Level 1:colcon.colcon_core.package_identification:_identify(/home/wlk/workspace/autocar/build/ament_cmake_index/share/ament_index) by extension 'cmake'
[1.218s] Level 1:colcon.colcon_core.package_identification:_identify(/home/wlk/workspace/autocar/build/ament_cmake_index/share/ament_index) by extension 'python'
[1.218s] Level 1:colcon.colcon_core.package_identification:_identify(/home/wlk/workspace/autocar/build/ament_cmake_index/share/ament_index) by extensions ['python_setup_py']
[1.218s] Level 1:colcon.colcon_core.package_identification:_identify(/home/wlk/workspace/autocar/build/ament_cmake_index/share/ament_index) by extension 'python_setup_py'
[1.218s] Level 1:colcon.colcon_core.package_identification:_identify(/home/wlk/workspace/autocar/build/ament_cmake_index/share/ament_index/resource_index) by extensions ['ignore', 'ignore_ament_install']
[1.218s] Level 1:colcon.colcon_core.package_identification:_identify(/home/wlk/workspace/autocar/build/ament_cmake_index/share/ament_index/resource_index) by extension 'ignore'
[1.218s] Level 1:colcon.colcon_core.package_identification:_identify(/home/wlk/workspace/autocar/build/ament_cmake_index/share/ament_index/resource_index) by extension 'ignore_ament_install'
[1.218s] Level 1:colcon.colcon_core.package_identification:_identify(/home/wlk/workspace/autocar/build/ament_cmake_index/share/ament_index/resource_index) by extensions ['colcon_pkg']
[1.218s] Level 1:colcon.colcon_core.package_identification:_identify(/home/wlk/workspace/autocar/build/ament_cmake_index/share/ament_index/resource_index) by extension 'colcon_pkg'
[1.218s] Level 1:colcon.colcon_core.package_identification:_identify(/home/wlk/workspace/autocar/build/ament_cmake_index/share/ament_index/resource_index) by extensions ['colcon_meta']
[1.218s] Level 1:colcon.colcon_core.package_identification:_identify(/home/wlk/workspace/autocar/build/ament_cmake_index/share/ament_index/resource_index) by extension 'colcon_meta'
[1.218s] Level 1:colcon.colcon_core.package_identification:_identify(/home/wlk/workspace/autocar/build/ament_cmake_index/share/ament_index/resource_index) by extensions ['ros']
[1.218s] Level 1:colcon.colcon_core.package_identification:_identify(/home/wlk/workspace/autocar/build/ament_cmake_index/share/ament_index/resource_index) by extension 'ros'
[1.218s] Level 1:colcon.colcon_core.package_identification:_identify(/home/wlk/workspace/autocar/build/ament_cmake_index/share/ament_index/resource_index) by extensions ['cmake', 'python']
[1.218s] Level 1:colcon.colcon_core.package_identification:_identify(/home/wlk/workspace/autocar/build/ament_cmake_index/share/ament_index/resource_index) by extension 'cmake'
[1.218s] Level 1:colcon.colcon_core.package_identification:_identify(/home/wlk/workspace/autocar/build/ament_cmake_index/share/ament_index/resource_index) by extension 'python'
[1.218s] Level 1:colcon.colcon_core.package_identification:_identify(/home/wlk/workspace/autocar/build/ament_cmake_index/share/ament_index/resource_index) by extensions ['python_setup_py']
[1.218s] Level 1:colcon.colcon_core.package_identification:_identify(/home/wlk/workspace/autocar/build/ament_cmake_index/share/ament_index/resource_index) by extension 'python_setup_py'
[1.219s] Level 1:colcon.colcon_core.package_identification:_identify(/home/wlk/workspace/autocar/build/ament_cmake_index/share/ament_index/resource_index/package_run_dependencies) by extensions ['ignore', 'ignore_ament_install']
[1.219s] Level 1:colcon.colcon_core.package_identification:_identify(/home/wlk/workspace/autocar/build/ament_cmake_index/share/ament_index/resource_index/package_run_dependencies) by extension 'ignore'
[1.219s] Level 1:colcon.colcon_core.package_identification:_identify(/home/wlk/workspace/autocar/build/ament_cmake_index/share/ament_index/resource_index/package_run_dependencies) by extension 'ignore_ament_install'
[1.219s] Level 1:colcon.colcon_core.package_identification:_identify(/home/wlk/workspace/autocar/build/ament_cmake_index/share/ament_index/resource_index/package_run_dependencies) by extensions ['colcon_pkg']
[1.219s] Level 1:colcon.colcon_core.package_identification:_identify(/home/wlk/workspace/autocar/build/ament_cmake_index/share/ament_index/resource_index/package_run_dependencies) by extension 'colcon_pkg'
[1.219s] Level 1:colcon.colcon_core.package_identification:_identify(/home/wlk/workspace/autocar/build/ament_cmake_index/share/ament_index/resource_index/package_run_dependencies) by extensions ['colcon_meta']
[1.219s] Level 1:colcon.colcon_core.package_identification:_identify(/home/wlk/workspace/autocar/build/ament_cmake_index/share/ament_index/resource_index/package_run_dependencies) by extension 'colcon_meta'
[1.219s] Level 1:colcon.colcon_core.package_identification:_identify(/home/wlk/workspace/autocar/build/ament_cmake_index/share/ament_index/resource_index/package_run_dependencies) by extensions ['ros']
[1.219s] Level 1:colcon.colcon_core.package_identification:_identify(/home/wlk/workspace/autocar/build/ament_cmake_index/share/ament_index/resource_index/package_run_dependencies) by extension 'ros'
[1.219s] Level 1:colcon.colcon_core.package_identification:_identify(/home/wlk/workspace/autocar/build/ament_cmake_index/share/ament_index/resource_index/package_run_dependencies) by extensions ['cmake', 'python']
[1.219s] Level 1:colcon.colcon_core.package_identification:_identify(/home/wlk/workspace/autocar/build/ament_cmake_index/share/ament_index/resource_index/package_run_dependencies) by extension 'cmake'
[1.219s] Level 1:colcon.colcon_core.package_identification:_identify(/home/wlk/workspace/autocar/build/ament_cmake_index/share/ament_index/resource_index/package_run_dependencies) by extension 'python'
[1.219s] Level 1:colcon.colcon_core.package_identification:_identify(/home/wlk/workspace/autocar/build/ament_cmake_index/share/ament_index/resource_index/package_run_dependencies) by extensions ['python_setup_py']
[1.219s] Level 1:colcon.colcon_core.package_identification:_identify(/home/wlk/workspace/autocar/build/ament_cmake_index/share/ament_index/resource_index/package_run_dependencies) by extension 'python_setup_py'
[1.219s] Level 1:colcon.colcon_core.package_identification:_identify(/home/wlk/workspace/autocar/build/ament_cmake_index/share/ament_index/resource_index/packages) by extensions ['ignore', 'ignore_ament_install']
[1.219s] Level 1:colcon.colcon_core.package_identification:_identify(/home/wlk/workspace/autocar/build/ament_cmake_index/share/ament_index/resource_index/packages) by extension 'ignore'
[1.219s] Level 1:colcon.colcon_core.package_identification:_identify(/home/wlk/workspace/autocar/build/ament_cmake_index/share/ament_index/resource_index/packages) by extension 'ignore_ament_install'
[1.219s] Level 1:colcon.colcon_core.package_identification:_identify(/home/wlk/workspace/autocar/build/ament_cmake_index/share/ament_index/resource_index/packages) by extensions ['colcon_pkg']
[1.219s] Level 1:colcon.colcon_core.package_identification:_identify(/home/wlk/workspace/autocar/build/ament_cmake_index/share/ament_index/resource_index/packages) by extension 'colcon_pkg'
[1.219s] Level 1:colcon.colcon_core.package_identification:_identify(/home/wlk/workspace/autocar/build/ament_cmake_index/share/ament_index/resource_index/packages) by extensions ['colcon_meta']
[1.219s] Level 1:colcon.colcon_core.package_identification:_identify(/home/wlk/workspace/autocar/build/ament_cmake_index/share/ament_index/resource_index/packages) by extension 'colcon_meta'
[1.219s] Level 1:colcon.colcon_core.package_identification:_identify(/home/wlk/workspace/autocar/build/ament_cmake_index/share/ament_index/resource_index/packages) by extensions ['ros']
[1.219s] Level 1:colcon.colcon_core.package_identification:_identify(/home/wlk/workspace/autocar/build/ament_cmake_index/share/ament_index/resource_index/packages) by extension 'ros'
[1.219s] Level 1:colcon.colcon_core.package_identification:_identify(/home/wlk/workspace/autocar/build/ament_cmake_index/share/ament_index/resource_index/packages) by extensions ['cmake', 'python']
[1.219s] Level 1:colcon.colcon_core.package_identification:_identify(/home/wlk/workspace/autocar/build/ament_cmake_index/share/ament_index/resource_index/packages) by extension 'cmake'
[1.219s] Level 1:colcon.colcon_core.package_identification:_identify(/home/wlk/workspace/autocar/build/ament_cmake_index/share/ament_index/resource_index/packages) by extension 'python'
[1.220s] Level 1:colcon.colcon_core.package_identification:_identify(/home/wlk/workspace/autocar/build/ament_cmake_index/share/ament_index/resource_index/packages) by extensions ['python_setup_py']
[1.220s] Level 1:colcon.colcon_core.package_identification:_identify(/home/wlk/workspace/autocar/build/ament_cmake_index/share/ament_index/resource_index/packages) by extension 'python_setup_py'
[1.220s] Level 1:colcon.colcon_core.package_identification:_identify(/home/wlk/workspace/autocar/build/ament_cmake_index/share/ament_index/resource_index/parent_prefix_path) by extensions ['ignore', 'ignore_ament_install']
[1.220s] Level 1:colcon.colcon_core.package_identification:_identify(/home/wlk/workspace/autocar/build/ament_cmake_index/share/ament_index/resource_index/parent_prefix_path) by extension 'ignore'
[1.220s] Level 1:colcon.colcon_core.package_identification:_identify(/home/wlk/workspace/autocar/build/ament_cmake_index/share/ament_index/resource_index/parent_prefix_path) by extension 'ignore_ament_install'
[1.220s] Level 1:colcon.colcon_core.package_identification:_identify(/home/wlk/workspace/autocar/build/ament_cmake_index/share/ament_index/resource_index/parent_prefix_path) by extensions ['colcon_pkg']
[1.220s] Level 1:colcon.colcon_core.package_identification:_identify(/home/wlk/workspace/autocar/build/ament_cmake_index/share/ament_index/resource_index/parent_prefix_path) by extension 'colcon_pkg'
[1.220s] Level 1:colcon.colcon_core.package_identification:_identify(/home/wlk/workspace/autocar/build/ament_cmake_index/share/ament_index/resource_index/parent_prefix_path) by extensions ['colcon_meta']
[1.220s] Level 1:colcon.colcon_core.package_identification:_identify(/home/wlk/workspace/autocar/build/ament_cmake_index/share/ament_index/resource_index/parent_prefix_path) by extension 'colcon_meta'
[1.220s] Level 1:colcon.colcon_core.package_identification:_identify(/home/wlk/workspace/autocar/build/ament_cmake_index/share/ament_index/resource_index/parent_prefix_path) by extensions ['ros']
[1.220s] Level 1:colcon.colcon_core.package_identification:_identify(/home/wlk/workspace/autocar/build/ament_cmake_index/share/ament_index/resource_index/parent_prefix_path) by extension 'ros'
[1.220s] Level 1:colcon.colcon_core.package_identification:_identify(/home/wlk/workspace/autocar/build/ament_cmake_index/share/ament_index/resource_index/parent_prefix_path) by extensions ['cmake', 'python']
[1.220s] Level 1:colcon.colcon_core.package_identification:_identify(/home/wlk/workspace/autocar/build/ament_cmake_index/share/ament_index/resource_index/parent_prefix_path) by extension 'cmake'
[1.220s] Level 1:colcon.colcon_core.package_identification:_identify(/home/wlk/workspace/autocar/build/ament_cmake_index/share/ament_index/resource_index/parent_prefix_path) by extension 'python'
[1.220s] Level 1:colcon.colcon_core.package_identification:_identify(/home/wlk/workspace/autocar/build/ament_cmake_index/share/ament_index/resource_index/parent_prefix_path) by extensions ['python_setup_py']
[1.220s] Level 1:colcon.colcon_core.package_identification:_identify(/home/wlk/workspace/autocar/build/ament_cmake_index/share/ament_index/resource_index/parent_prefix_path) by extension 'python_setup_py'
[1.220s] Level 1:colcon.colcon_core.package_identification:_identify(/home/wlk/workspace/autocar/build/ament_cmake_package_templates) by extensions ['ignore', 'ignore_ament_install']
[1.220s] Level 1:colcon.colcon_core.package_identification:_identify(/home/wlk/workspace/autocar/build/ament_cmake_package_templates) by extension 'ignore'
[1.220s] Level 1:colcon.colcon_core.package_identification:_identify(/home/wlk/workspace/autocar/build/ament_cmake_package_templates) by extension 'ignore_ament_install'
[1.220s] Level 1:colcon.colcon_core.package_identification:_identify(/home/wlk/workspace/autocar/build/ament_cmake_package_templates) by extensions ['colcon_pkg']
[1.220s] Level 1:colcon.colcon_core.package_identification:_identify(/home/wlk/workspace/autocar/build/ament_cmake_package_templates) by extension 'colcon_pkg'
[1.220s] Level 1:colcon.colcon_core.package_identification:_identify(/home/wlk/workspace/autocar/build/ament_cmake_package_templates) by extensions ['colcon_meta']
[1.220s] Level 1:colcon.colcon_core.package_identification:_identify(/home/wlk/workspace/autocar/build/ament_cmake_package_templates) by extension 'colcon_meta'
[1.220s] Level 1:colcon.colcon_core.package_identification:_identify(/home/wlk/workspace/autocar/build/ament_cmake_package_templates) by extensions ['ros']
[1.220s] Level 1:colcon.colcon_core.package_identification:_identify(/home/wlk/workspace/autocar/build/ament_cmake_package_templates) by extension 'ros'
[1.221s] Level 1:colcon.colcon_core.package_identification:_identify(/home/wlk/workspace/autocar/build/ament_cmake_package_templates) by extensions ['cmake', 'python']
[1.221s] Level 1:colcon.colcon_core.package_identification:_identify(/home/wlk/workspace/autocar/build/ament_cmake_package_templates) by extension 'cmake'
[1.221s] Level 1:colcon.colcon_core.package_identification:_identify(/home/wlk/workspace/autocar/build/ament_cmake_package_templates) by extension 'python'
[1.221s] Level 1:colcon.colcon_core.package_identification:_identify(/home/wlk/workspace/autocar/build/ament_cmake_package_templates) by extensions ['python_setup_py']
[1.221s] Level 1:colcon.colcon_core.package_identification:_identify(/home/wlk/workspace/autocar/build/ament_cmake_package_templates) by extension 'python_setup_py'
[1.221s] Level 1:colcon.colcon_core.package_identification:_identify(/home/wlk/workspace/autocar/build/ament_cmake_uninstall_target) by extensions ['ignore', 'ignore_ament_install']
[1.221s] Level 1:colcon.colcon_core.package_identification:_identify(/home/wlk/workspace/autocar/build/ament_cmake_uninstall_target) by extension 'ignore'
[1.221s] Level 1:colcon.colcon_core.package_identification:_identify(/home/wlk/workspace/autocar/build/ament_cmake_uninstall_target) by extension 'ignore_ament_install'
[1.221s] Level 1:colcon.colcon_core.package_identification:_identify(/home/wlk/workspace/autocar/build/ament_cmake_uninstall_target) by extensions ['colcon_pkg']
[1.221s] Level 1:colcon.colcon_core.package_identification:_identify(/home/wlk/workspace/autocar/build/ament_cmake_uninstall_target) by extension 'colcon_pkg'
[1.221s] Level 1:colcon.colcon_core.package_identification:_identify(/home/wlk/workspace/autocar/build/ament_cmake_uninstall_target) by extensions ['colcon_meta']
[1.221s] Level 1:colcon.colcon_core.package_identification:_identify(/home/wlk/workspace/autocar/build/ament_cmake_uninstall_target) by extension 'colcon_meta'
[1.221s] Level 1:colcon.colcon_core.package_identification:_identify(/home/wlk/workspace/autocar/build/ament_cmake_uninstall_target) by extensions ['ros']
[1.221s] Level 1:colcon.colcon_core.package_identification:_identify(/home/wlk/workspace/autocar/build/ament_cmake_uninstall_target) by extension 'ros'
[1.221s] Level 1:colcon.colcon_core.package_identification:_identify(/home/wlk/workspace/autocar/build/ament_cmake_uninstall_target) by extensions ['cmake', 'python']
[1.221s] Level 1:colcon.colcon_core.package_identification:_identify(/home/wlk/workspace/autocar/build/ament_cmake_uninstall_target) by extension 'cmake'
[1.221s] Level 1:colcon.colcon_core.package_identification:_identify(/home/wlk/workspace/autocar/build/ament_cmake_uninstall_target) by extension 'python'
[1.221s] Level 1:colcon.colcon_core.package_identification:_identify(/home/wlk/workspace/autocar/build/ament_cmake_uninstall_target) by extensions ['python_setup_py']
[1.221s] Level 1:colcon.colcon_core.package_identification:_identify(/home/wlk/workspace/autocar/build/ament_cmake_uninstall_target) by extension 'python_setup_py'
[1.221s] Level 1:colcon.colcon_core.package_identification:_identify(/home/wlk/workspace/autocar/build/ament_cppcheck) by extensions ['ignore', 'ignore_ament_install']
[1.221s] Level 1:colcon.colcon_core.package_identification:_identify(/home/wlk/workspace/autocar/build/ament_cppcheck) by extension 'ignore'
[1.221s] Level 1:colcon.colcon_core.package_identification:_identify(/home/wlk/workspace/autocar/build/ament_cppcheck) by extension 'ignore_ament_install'
[1.221s] Level 1:colcon.colcon_core.package_identification:_identify(/home/wlk/workspace/autocar/build/ament_cppcheck) by extensions ['colcon_pkg']
[1.221s] Level 1:colcon.colcon_core.package_identification:_identify(/home/wlk/workspace/autocar/build/ament_cppcheck) by extension 'colcon_pkg'
[1.221s] Level 1:colcon.colcon_core.package_identification:_identify(/home/wlk/workspace/autocar/build/ament_cppcheck) by extensions ['colcon_meta']
[1.221s] Level 1:colcon.colcon_core.package_identification:_identify(/home/wlk/workspace/autocar/build/ament_cppcheck) by extension 'colcon_meta'
[1.221s] Level 1:colcon.colcon_core.package_identification:_identify(/home/wlk/workspace/autocar/build/ament_cppcheck) by extensions ['ros']
[1.222s] Level 1:colcon.colcon_core.package_identification:_identify(/home/wlk/workspace/autocar/build/ament_cppcheck) by extension 'ros'
[1.222s] Level 1:colcon.colcon_core.package_identification:_identify(/home/wlk/workspace/autocar/build/ament_cppcheck) by extensions ['cmake', 'python']
[1.222s] Level 1:colcon.colcon_core.package_identification:_identify(/home/wlk/workspace/autocar/build/ament_cppcheck) by extension 'cmake'
[1.222s] Level 1:colcon.colcon_core.package_identification:_identify(/home/wlk/workspace/autocar/build/ament_cppcheck) by extension 'python'
[1.222s] Level 1:colcon.colcon_core.package_identification:_identify(/home/wlk/workspace/autocar/build/ament_cppcheck) by extensions ['python_setup_py']
[1.222s] Level 1:colcon.colcon_core.package_identification:_identify(/home/wlk/workspace/autocar/build/ament_cppcheck) by extension 'python_setup_py'
[1.222s] Level 1:colcon.colcon_core.package_identification:_identify(/home/wlk/workspace/autocar/build/ament_lint_cmake) by extensions ['ignore', 'ignore_ament_install']
[1.222s] Level 1:colcon.colcon_core.package_identification:_identify(/home/wlk/workspace/autocar/build/ament_lint_cmake) by extension 'ignore'
[1.222s] Level 1:colcon.colcon_core.package_identification:_identify(/home/wlk/workspace/autocar/build/ament_lint_cmake) by extension 'ignore_ament_install'
[1.222s] Level 1:colcon.colcon_core.package_identification:_identify(/home/wlk/workspace/autocar/build/ament_lint_cmake) by extensions ['colcon_pkg']
[1.222s] Level 1:colcon.colcon_core.package_identification:_identify(/home/wlk/workspace/autocar/build/ament_lint_cmake) by extension 'colcon_pkg'
[1.222s] Level 1:colcon.colcon_core.package_identification:_identify(/home/wlk/workspace/autocar/build/ament_lint_cmake) by extensions ['colcon_meta']
[1.222s] Level 1:colcon.colcon_core.package_identification:_identify(/home/wlk/workspace/autocar/build/ament_lint_cmake) by extension 'colcon_meta'
[1.222s] Level 1:colcon.colcon_core.package_identification:_identify(/home/wlk/workspace/autocar/build/ament_lint_cmake) by extensions ['ros']
[1.222s] Level 1:colcon.colcon_core.package_identification:_identify(/home/wlk/workspace/autocar/build/ament_lint_cmake) by extension 'ros'
[1.222s] Level 1:colcon.colcon_core.package_identification:_identify(/home/wlk/workspace/autocar/build/ament_lint_cmake) by extensions ['cmake', 'python']
[1.222s] Level 1:colcon.colcon_core.package_identification:_identify(/home/wlk/workspace/autocar/build/ament_lint_cmake) by extension 'cmake'
[1.222s] Level 1:colcon.colcon_core.package_identification:_identify(/home/wlk/workspace/autocar/build/ament_lint_cmake) by extension 'python'
[1.222s] Level 1:colcon.colcon_core.package_identification:_identify(/home/wlk/workspace/autocar/build/ament_lint_cmake) by extensions ['python_setup_py']
[1.222s] Level 1:colcon.colcon_core.package_identification:_identify(/home/wlk/workspace/autocar/build/ament_lint_cmake) by extension 'python_setup_py'
[1.222s] Level 1:colcon.colcon_core.package_identification:_identify(/home/wlk/workspace/autocar/build/ament_uncrustify) by extensions ['ignore', 'ignore_ament_install']
[1.222s] Level 1:colcon.colcon_core.package_identification:_identify(/home/wlk/workspace/autocar/build/ament_uncrustify) by extension 'ignore'
[1.222s] Level 1:colcon.colcon_core.package_identification:_identify(/home/wlk/workspace/autocar/build/ament_uncrustify) by extension 'ignore_ament_install'
[1.222s] Level 1:colcon.colcon_core.package_identification:_identify(/home/wlk/workspace/autocar/build/ament_uncrustify) by extensions ['colcon_pkg']
[1.222s] Level 1:colcon.colcon_core.package_identification:_identify(/home/wlk/workspace/autocar/build/ament_uncrustify) by extension 'colcon_pkg'
[1.222s] Level 1:colcon.colcon_core.package_identification:_identify(/home/wlk/workspace/autocar/build/ament_uncrustify) by extensions ['colcon_meta']
[1.223s] Level 1:colcon.colcon_core.package_identification:_identify(/home/wlk/workspace/autocar/build/ament_uncrustify) by extension 'colcon_meta'
[1.223s] Level 1:colcon.colcon_core.package_identification:_identify(/home/wlk/workspace/autocar/build/ament_uncrustify) by extensions ['ros']
[1.223s] Level 1:colcon.colcon_core.package_identification:_identify(/home/wlk/workspace/autocar/build/ament_uncrustify) by extension 'ros'
[1.223s] Level 1:colcon.colcon_core.package_identification:_identify(/home/wlk/workspace/autocar/build/ament_uncrustify) by extensions ['cmake', 'python']
[1.223s] Level 1:colcon.colcon_core.package_identification:_identify(/home/wlk/workspace/autocar/build/ament_uncrustify) by extension 'cmake'
[1.223s] Level 1:colcon.colcon_core.package_identification:_identify(/home/wlk/workspace/autocar/build/ament_uncrustify) by extension 'python'
[1.223s] Level 1:colcon.colcon_core.package_identification:_identify(/home/wlk/workspace/autocar/build/ament_uncrustify) by extensions ['python_setup_py']
[1.223s] Level 1:colcon.colcon_core.package_identification:_identify(/home/wlk/workspace/autocar/build/ament_uncrustify) by extension 'python_setup_py'
[1.223s] Level 1:colcon.colcon_core.package_identification:_identify(/home/wlk/workspace/autocar/build/ament_xmllint) by extensions ['ignore', 'ignore_ament_install']
[1.223s] Level 1:colcon.colcon_core.package_identification:_identify(/home/wlk/workspace/autocar/build/ament_xmllint) by extension 'ignore'
[1.223s] Level 1:colcon.colcon_core.package_identification:_identify(/home/wlk/workspace/autocar/build/ament_xmllint) by extension 'ignore_ament_install'
[1.223s] Level 1:colcon.colcon_core.package_identification:_identify(/home/wlk/workspace/autocar/build/ament_xmllint) by extensions ['colcon_pkg']
[1.223s] Level 1:colcon.colcon_core.package_identification:_identify(/home/wlk/workspace/autocar/build/ament_xmllint) by extension 'colcon_pkg'
[1.223s] Level 1:colcon.colcon_core.package_identification:_identify(/home/wlk/workspace/autocar/build/ament_xmllint) by extensions ['colcon_meta']
[1.223s] Level 1:colcon.colcon_core.package_identification:_identify(/home/wlk/workspace/autocar/build/ament_xmllint) by extension 'colcon_meta'
[1.223s] Level 1:colcon.colcon_core.package_identification:_identify(/home/wlk/workspace/autocar/build/ament_xmllint) by extensions ['ros']
[1.223s] Level 1:colcon.colcon_core.package_identification:_identify(/home/wlk/workspace/autocar/build/ament_xmllint) by extension 'ros'
[1.223s] Level 1:colcon.colcon_core.package_identification:_identify(/home/wlk/workspace/autocar/build/ament_xmllint) by extensions ['cmake', 'python']
[1.223s] Level 1:colcon.colcon_core.package_identification:_identify(/home/wlk/workspace/autocar/build/ament_xmllint) by extension 'cmake'
[1.223s] Level 1:colcon.colcon_core.package_identification:_identify(/home/wlk/workspace/autocar/build/ament_xmllint) by extension 'python'
[1.223s] Level 1:colcon.colcon_core.package_identification:_identify(/home/wlk/workspace/autocar/build/ament_xmllint) by extensions ['python_setup_py']
[1.223s] Level 1:colcon.colcon_core.package_identification:_identify(/home/wlk/workspace/autocar/build/ament_xmllint) by extension 'python_setup_py'
[1.223s] Level 1:colcon.colcon_core.package_identification:_identify(/home/wlk/workspace/autocar/log) by extensions ['ignore', 'ignore_ament_install']
[1.223s] Level 1:colcon.colcon_core.package_identification:_identify(/home/wlk/workspace/autocar/log) by extension 'ignore'
[1.223s] Level 1:colcon.colcon_core.package_identification:_identify(/home/wlk/workspace/autocar/log) ignored
[1.224s] Level 1:colcon.colcon_core.package_identification:_identify(/home/wlk/workspace/autocar/src) by extensions ['ignore', 'ignore_ament_install']
[1.224s] Level 1:colcon.colcon_core.package_identification:_identify(/home/wlk/workspace/autocar/src) by extension 'ignore'
[1.224s] Level 1:colcon.colcon_core.package_identification:_identify(/home/wlk/workspace/autocar/src) by extension 'ignore_ament_install'
[1.224s] Level 1:colcon.colcon_core.package_identification:_identify(/home/wlk/workspace/autocar/src) by extensions ['colcon_pkg']
[1.224s] Level 1:colcon.colcon_core.package_identification:_identify(/home/wlk/workspace/autocar/src) by extension 'colcon_pkg'
[1.224s] Level 1:colcon.colcon_core.package_identification:_identify(/home/wlk/workspace/autocar/src) by extensions ['colcon_meta']
[1.224s] Level 1:colcon.colcon_core.package_identification:_identify(/home/wlk/workspace/autocar/src) by extension 'colcon_meta'
[1.224s] Level 1:colcon.colcon_core.package_identification:_identify(/home/wlk/workspace/autocar/src) by extensions ['ros']
[1.224s] Level 1:colcon.colcon_core.package_identification:_identify(/home/wlk/workspace/autocar/src) by extension 'ros'
[1.226s] DEBUG:colcon.colcon_core.package_identification:Package '/home/wlk/workspace/autocar/src' with type 'ros.ament_cmake' and name 'src'
[1.226s] Level 1:colcon.colcon_core.package_discovery:discover_packages(recursive) using defaults
