[0.077s] Invoking command in '/home/wlk/workspace/autocar/build/src': CMAKE_PREFIX_PATH=/opt/ros/humble CONDA_PROMPT_MODIFIER=(base) WSLENV=ELECTRON_RUN_AS_NODE/w:WT_SESSION:WT_PROFILE_ID: /usr/bin/cmake /home/wlk/workspace/autocar/src -DCMAKE_INSTALL_PREFIX=/home/wlk/workspace/autocar/install/src
[0.378s] -- The C compiler identification is GNU 11.4.0
[1.432s] -- The CXX compiler identification is GNU 11.4.0
[2.226s] -- Detecting C compiler ABI info
[2.475s] -- Detecting C compiler ABI info - done
[2.482s] -- Check for working C compiler: /usr/bin/cc - skipped
[2.482s] -- Detecting C compile features
[2.483s] -- Detecting C compile features - done
[2.486s] -- Detecting CXX compiler ABI info
[2.715s] -- Detecting CXX compiler ABI info - done
[2.722s] -- Check for working CXX compiler: /usr/bin/c++ - skipped
[2.722s] -- Detecting CXX compile features
[2.722s] -- Detecting CXX compile features - done
[2.726s] -- Found ament_cmake: 1.3.6 (/opt/ros/humble/share/ament_cmake/cmake)
[2.872s] -- Found Python3: /usr/bin/python3.10 (found version "3.10.12") found components: Interpreter 
[2.944s] -- Found rclcpp: 16.0.7 (/opt/ros/humble/share/rclcpp/cmake)
[3.205s] -- Found rosidl_generator_c: 3.1.5 (/opt/ros/humble/share/rosidl_generator_c/cmake)
[3.209s] -- Found rosidl_adapter: 3.1.5 (/opt/ros/humble/share/rosidl_adapter/cmake)
[3.216s] -- Found rosidl_generator_cpp: 3.1.5 (/opt/ros/humble/share/rosidl_generator_cpp/cmake)
[3.228s] -- Using all available rosidl_typesupport_c: rosidl_typesupport_fastrtps_c;rosidl_typesupport_introspection_c
[3.245s] -- Using all available rosidl_typesupport_cpp: rosidl_typesupport_fastrtps_cpp;rosidl_typesupport_introspection_cpp
[3.302s] -- Found rmw_implementation_cmake: 6.1.1 (/opt/ros/humble/share/rmw_implementation_cmake/cmake)
[3.303s] -- Found rmw_fastrtps_cpp: 6.2.5 (/opt/ros/humble/share/rmw_fastrtps_cpp/cmake)
[5.767s] -- Found OpenSSL: /usr/lib/x86_64-linux-gnu/libcrypto.so (found version "3.0.2")  
[8.615s] -- Found FastRTPS: /opt/ros/humble/include  
[13.719s] -- Using RMW implementation 'rmw_fastrtps_cpp' as default
[13.727s] -- Looking for pthread.h
[13.944s] -- Looking for pthread.h - found
[13.945s] -- Performing Test CMAKE_HAVE_LIBC_PTHREAD
[14.203s] -- Performing Test CMAKE_HAVE_LIBC_PTHREAD - Success
[14.205s] -- Found Threads: TRUE  
[14.368s] -- Found ament_lint_auto: 0.12.9 (/opt/ros/humble/share/ament_lint_auto/cmake)
[14.438s] -- Added test 'cppcheck' to perform static code analysis on C / C++ code
[14.438s] -- Configured cppcheck include dirs: 
[14.438s] -- Configured cppcheck exclude dirs and/or files: 
[14.439s] -- Added test 'lint_cmake' to check CMake code style
[14.440s] -- Added test 'uncrustify' to check C / C++ code style
[14.440s] -- Configured uncrustify additional arguments: 
[14.440s] -- Added test 'xmllint' to check XML markup files
[14.442s] -- Configuring done
[14.445s] -- Generating done
[14.446s] -- Build files have been written to: /home/wlk/workspace/autocar/build/src
[14.455s] Invoked command in '/home/wlk/workspace/autocar/build/src' returned '0': CMAKE_PREFIX_PATH=/opt/ros/humble CONDA_PROMPT_MODIFIER=(base) WSLENV=ELECTRON_RUN_AS_NODE/w:WT_SESSION:WT_PROFILE_ID: /usr/bin/cmake /home/wlk/workspace/autocar/src -DCMAKE_INSTALL_PREFIX=/home/wlk/workspace/autocar/install/src
[14.457s] Invoking command in '/home/wlk/workspace/autocar/build/src': CMAKE_PREFIX_PATH=/opt/ros/humble CONDA_PROMPT_MODIFIER=(base) WSLENV=ELECTRON_RUN_AS_NODE/w:WT_SESSION:WT_PROFILE_ID: /usr/bin/cmake --build /home/wlk/workspace/autocar/build/src -- -j16 -l16
[14.483s] Invoked command in '/home/wlk/workspace/autocar/build/src' returned '0': CMAKE_PREFIX_PATH=/opt/ros/humble CONDA_PROMPT_MODIFIER=(base) WSLENV=ELECTRON_RUN_AS_NODE/w:WT_SESSION:WT_PROFILE_ID: /usr/bin/cmake --build /home/wlk/workspace/autocar/build/src -- -j16 -l16
[14.503s] Invoking command in '/home/wlk/workspace/autocar/build/src': CMAKE_PREFIX_PATH=/opt/ros/humble CONDA_PROMPT_MODIFIER=(base) WSLENV=ELECTRON_RUN_AS_NODE/w:WT_SESSION:WT_PROFILE_ID: /usr/bin/cmake --install /home/wlk/workspace/autocar/build/src
[14.507s] -- Install configuration: ""
[14.508s] -- Installing: /home/wlk/workspace/autocar/install/src/share/ament_index/resource_index/package_run_dependencies/src
[14.508s] -- Installing: /home/wlk/workspace/autocar/install/src/share/ament_index/resource_index/parent_prefix_path/src
[14.508s] -- Installing: /home/wlk/workspace/autocar/install/src/share/src/environment/ament_prefix_path.sh
[14.508s] -- Installing: /home/wlk/workspace/autocar/install/src/share/src/environment/ament_prefix_path.dsv
[14.509s] -- Installing: /home/wlk/workspace/autocar/install/src/share/src/environment/path.sh
[14.509s] -- Installing: /home/wlk/workspace/autocar/install/src/share/src/environment/path.dsv
[14.509s] -- Installing: /home/wlk/workspace/autocar/install/src/share/src/local_setup.bash
[14.509s] -- Installing: /home/wlk/workspace/autocar/install/src/share/src/local_setup.sh
[14.509s] -- Installing: /home/wlk/workspace/autocar/install/src/share/src/local_setup.zsh
[14.509s] -- Installing: /home/wlk/workspace/autocar/install/src/share/src/local_setup.dsv
[14.510s] -- Installing: /home/wlk/workspace/autocar/install/src/share/src/package.dsv
[14.510s] -- Installing: /home/wlk/workspace/autocar/install/src/share/ament_index/resource_index/packages/src
[14.510s] -- Installing: /home/wlk/workspace/autocar/install/src/share/src/cmake/srcConfig.cmake
[14.510s] -- Installing: /home/wlk/workspace/autocar/install/src/share/src/cmake/srcConfig-version.cmake
[14.510s] -- Installing: /home/wlk/workspace/autocar/install/src/share/src/package.xml
[14.511s] Invoked command in '/home/wlk/workspace/autocar/build/src' returned '0': CMAKE_PREFIX_PATH=/opt/ros/humble CONDA_PROMPT_MODIFIER=(base) WSLENV=ELECTRON_RUN_AS_NODE/w:WT_SESSION:WT_PROFILE_ID: /usr/bin/cmake --install /home/wlk/workspace/autocar/build/src
